== Model info

Model                          
meka.classifiers.multilabel.BR: Node #1

IB1 instance-based classifier
using 10 nearest neighbour(s) for classification

meka.classifiers.multilabel.BR: Node #2

IB1 instance-based classifier
using 10 nearest neighbour(s) for classification

meka.classifiers.multilabel.BR: Node #3

IB1 instance-based classifier
using 10 nearest neighbour(s) for classification

meka.classifiers.multilabel.BR: Node #4

IB1 instance-based classifier
using 10 nearest neighbour(s) for classification

meka.classifiers.multilabel.BR: Node #5

IB1 instance-based classifier
using 10 nearest neighbour(s) for classification

meka.classifiers.multilabel.BR: Node #6

IB1 instance-based classifier
using 10 nearest neighbour(s) for classification



== Evaluation Info

Classifier                     meka.classifiers.multilabel.BR
Options                        [-W, weka.classifiers.lazy.IBk, --, -K, 10, -W, 0, -A, weka.core.neighboursearch.LinearNNSearch -A "weka.core.EuclideanDistance -R first-last"]
Additional Info                
Dataset                        musicout
Number of labels (L)           6
Type                           ML
Threshold                      0.5
Verbosity                      2


== Predictive Performance

Number of test instances (N)   
Accuracy                       0.586
Jaccard index                  0.586
Hamming score                  0.81 
Exact match                    0.332
Jaccard distance               0.414
Hamming loss                   0.19 
ZeroOne loss                   0.668
Harmonic score                 0.708
One error                      0.257
Rank loss                      0.153
Avg precision                  0.793
Log Loss (lim. L)              0.403
Log Loss (lim. D)              0.442
F1 (micro averaged)            0.706
F1 (macro averaged by example) 0.668
F1 (macro averaged by label)   0.697
AUPRC (macro averaged)         0.721
AUROC (macro averaged)         0.84 
Curve Data                     
Macro Curve Data               
Micro Curve Data               


== Additional Measurements

Number of training instances   391
Number of test instances       202
Label cardinality (train set)  1.813
Label cardinality (test set)   1.975
Build Time                     0.187
Test Time                      0.168
Total Time                     0.355



