== Model info

Model                          
meka.classifiers.multilabel.BR: Node #1

IB1 instance-based classifier
using 10 nearest neighbour(s) for classification

meka.classifiers.multilabel.BR: Node #2

IB1 instance-based classifier
using 10 nearest neighbour(s) for classification

meka.classifiers.multilabel.BR: Node #3

IB1 instance-based classifier
using 10 nearest neighbour(s) for classification

meka.classifiers.multilabel.BR: Node #4

IB1 instance-based classifier
using 10 nearest neighbour(s) for classification

meka.classifiers.multilabel.BR: Node #5

IB1 instance-based classifier
using 10 nearest neighbour(s) for classification

meka.classifiers.multilabel.BR: Node #6

IB1 instance-based classifier
using 10 nearest neighbour(s) for classification



== Evaluation Info

Classifier                     meka.classifiers.multilabel.BR
Options                        [-W, weka.classifiers.lazy.IBk, --, -K, 10, -W, 0, -A, weka.core.neighboursearch.LinearNNSearch -A "weka.core.EuclideanDistance -R first-last"]
Additional Info                
Dataset                        scene
Number of labels (L)           6
Type                           ML
Threshold                      0.40001651254953763
Verbosity                      2


== Predictive Performance

Number of test instances (N)   
Accuracy                       0.664
Jaccard index                  0.664
Hamming score                  0.886
Exact match                    0.558
Jaccard distance               0.336
Hamming loss                   0.114
ZeroOne loss                   0.442
Harmonic score                 0.735
One error                      0.262
Rank loss                      0.11 
Avg precision                  0.802
Log Loss (lim. L)              0.222
Log Loss (lim. D)              0.283
F1 (micro averaged)            0.696
F1 (macro averaged by example) 0.7  
F1 (macro averaged by label)   0.707
AUPRC (macro averaged)         0.76 
AUROC (macro averaged)         0.916
Curve Data                     
Macro Curve Data               
Micro Curve Data               


== Additional Measurements

Number of training instances   1211
Number of test instances       1196
Label cardinality (train set)  1.062
Label cardinality (test set)   1.086
Build Time                     0.217
Test Time                      7.179
Total Time                     7.396



