== Model info

Model                          
meka.classifiers.multilabel.BR: Node #1

IB1 instance-based classifier
using 10 nearest neighbour(s) for classification

meka.classifiers.multilabel.BR: Node #2

IB1 instance-based classifier
using 10 nearest neighbour(s) for classification

meka.classifiers.multilabel.BR: Node #3

IB1 instance-based classifier
using 10 nearest neighbour(s) for classification

meka.classifiers.multilabel.BR: Node #4

IB1 instance-based classifier
using 10 nearest neighbour(s) for classification

meka.classifiers.multilabel.BR: Node #5

IB1 instance-based classifier
using 10 nearest neighbour(s) for classification

meka.classifiers.multilabel.BR: Node #6

IB1 instance-based classifier
using 10 nearest neighbour(s) for classification

meka.classifiers.multilabel.BR: Node #7

IB1 instance-based classifier
using 10 nearest neighbour(s) for classification

meka.classifiers.multilabel.BR: Node #8

IB1 instance-based classifier
using 10 nearest neighbour(s) for classification

meka.classifiers.multilabel.BR: Node #9

IB1 instance-based classifier
using 10 nearest neighbour(s) for classification

meka.classifiers.multilabel.BR: Node #10

IB1 instance-based classifier
using 10 nearest neighbour(s) for classification

meka.classifiers.multilabel.BR: Node #11

IB1 instance-based classifier
using 10 nearest neighbour(s) for classification

meka.classifiers.multilabel.BR: Node #12

IB1 instance-based classifier
using 10 nearest neighbour(s) for classification

meka.classifiers.multilabel.BR: Node #13

IB1 instance-based classifier
using 10 nearest neighbour(s) for classification

meka.classifiers.multilabel.BR: Node #14

IB1 instance-based classifier
using 10 nearest neighbour(s) for classification



== Evaluation Info

Classifier                     meka.classifiers.multilabel.BR
Options                        [-W, weka.classifiers.lazy.IBk, --, -K, 10, -W, 0, -A, weka.core.neighboursearch.LinearNNSearch -A "weka.core.EuclideanDistance -R first-last"]
Additional Info                
Dataset                        yeast
Number of labels (L)           14
Type                           ML
Threshold                      0.40001333155579255
Verbosity                      2


== Predictive Performance

Number of test instances (N)   
Accuracy                       0.54 
Jaccard index                  0.54 
Hamming score                  0.775
Exact match                    0.171
Jaccard distance               0.46 
Hamming loss                   0.225
ZeroOne loss                   0.829
Harmonic score                 0.731
One error                      0.245
Rank loss                      0.175
Avg precision                  0.736
Log Loss (lim. L)              0.431
Log Loss (lim. D)              0.503
F1 (micro averaged)            0.661
F1 (macro averaged by example) 0.65 
F1 (macro averaged by label)   0.451
AUPRC (macro averaged)         0.464
AUROC (macro averaged)         0.672
Curve Data                     
Macro Curve Data               
Micro Curve Data               


== Additional Measurements

Number of training instances   1500
Number of test instances       917
Label cardinality (train set)  4.228
Label cardinality (test set)   4.252
Build Time                     0.221
Test Time                      7.949
Total Time                     8.17 



