== Model info

Model                          
meka.classifiers.multilabel.meta.BaggingML: Model #1

meka.classifiers.multilabel.CC: Node #1

IB1 instance-based classifier
using 10 nearest neighbour(s) for classification


meka.classifiers.multilabel.CC: Node #2

IB1 instance-based classifier
using 10 nearest neighbour(s) for classification


meka.classifiers.multilabel.CC: Node #3

IB1 instance-based classifier
using 10 nearest neighbour(s) for classification


meka.classifiers.multilabel.CC: Node #4

IB1 instance-based classifier
using 10 nearest neighbour(s) for classification


meka.classifiers.multilabel.CC: Node #5

IB1 instance-based classifier
using 10 nearest neighbour(s) for classification


meka.classifiers.multilabel.CC: Node #6

IB1 instance-based classifier
using 10 nearest neighbour(s) for classification


meka.classifiers.multilabel.meta.BaggingML: Model #2

meka.classifiers.multilabel.CC: Node #1

IB1 instance-based classifier
using 10 nearest neighbour(s) for classification


meka.classifiers.multilabel.CC: Node #2

IB1 instance-based classifier
using 10 nearest neighbour(s) for classification


meka.classifiers.multilabel.CC: Node #3

IB1 instance-based classifier
using 10 nearest neighbour(s) for classification


meka.classifiers.multilabel.CC: Node #4

IB1 instance-based classifier
using 10 nearest neighbour(s) for classification


meka.classifiers.multilabel.CC: Node #5

IB1 instance-based classifier
using 10 nearest neighbour(s) for classification


meka.classifiers.multilabel.CC: Node #6

IB1 instance-based classifier
using 10 nearest neighbour(s) for classification


meka.classifiers.multilabel.meta.BaggingML: Model #3

meka.classifiers.multilabel.CC: Node #1

IB1 instance-based classifier
using 10 nearest neighbour(s) for classification


meka.classifiers.multilabel.CC: Node #2

IB1 instance-based classifier
using 10 nearest neighbour(s) for classification


meka.classifiers.multilabel.CC: Node #3

IB1 instance-based classifier
using 10 nearest neighbour(s) for classification


meka.classifiers.multilabel.CC: Node #4

IB1 instance-based classifier
using 10 nearest neighbour(s) for classification


meka.classifiers.multilabel.CC: Node #5

IB1 instance-based classifier
using 10 nearest neighbour(s) for classification


meka.classifiers.multilabel.CC: Node #6

IB1 instance-based classifier
using 10 nearest neighbour(s) for classification


meka.classifiers.multilabel.meta.BaggingML: Model #4

meka.classifiers.multilabel.CC: Node #1

IB1 instance-based classifier
using 10 nearest neighbour(s) for classification


meka.classifiers.multilabel.CC: Node #2

IB1 instance-based classifier
using 10 nearest neighbour(s) for classification


meka.classifiers.multilabel.CC: Node #3

IB1 instance-based classifier
using 10 nearest neighbour(s) for classification


meka.classifiers.multilabel.CC: Node #4

IB1 instance-based classifier
using 10 nearest neighbour(s) for classification


meka.classifiers.multilabel.CC: Node #5

IB1 instance-based classifier
using 10 nearest neighbour(s) for classification


meka.classifiers.multilabel.CC: Node #6

IB1 instance-based classifier
using 10 nearest neighbour(s) for classification


meka.classifiers.multilabel.meta.BaggingML: Model #5

meka.classifiers.multilabel.CC: Node #1

IB1 instance-based classifier
using 10 nearest neighbour(s) for classification


meka.classifiers.multilabel.CC: Node #2

IB1 instance-based classifier
using 10 nearest neighbour(s) for classification


meka.classifiers.multilabel.CC: Node #3

IB1 instance-based classifier
using 10 nearest neighbour(s) for classification


meka.classifiers.multilabel.CC: Node #4

IB1 instance-based classifier
using 10 nearest neighbour(s) for classification


meka.classifiers.multilabel.CC: Node #5

IB1 instance-based classifier
using 10 nearest neighbour(s) for classification


meka.classifiers.multilabel.CC: Node #6

IB1 instance-based classifier
using 10 nearest neighbour(s) for classification


meka.classifiers.multilabel.meta.BaggingML: Model #6

meka.classifiers.multilabel.CC: Node #1

IB1 instance-based classifier
using 10 nearest neighbour(s) for classification


meka.classifiers.multilabel.CC: Node #2

IB1 instance-based classifier
using 10 nearest neighbour(s) for classification


meka.classifiers.multilabel.CC: Node #3

IB1 instance-based classifier
using 10 nearest neighbour(s) for classification


meka.classifiers.multilabel.CC: Node #4

IB1 instance-based classifier
using 10 nearest neighbour(s) for classification


meka.classifiers.multilabel.CC: Node #5

IB1 instance-based classifier
using 10 nearest neighbour(s) for classification


meka.classifiers.multilabel.CC: Node #6

IB1 instance-based classifier
using 10 nearest neighbour(s) for classification


meka.classifiers.multilabel.meta.BaggingML: Model #7

meka.classifiers.multilabel.CC: Node #1

IB1 instance-based classifier
using 10 nearest neighbour(s) for classification


meka.classifiers.multilabel.CC: Node #2

IB1 instance-based classifier
using 10 nearest neighbour(s) for classification


meka.classifiers.multilabel.CC: Node #3

IB1 instance-based classifier
using 10 nearest neighbour(s) for classification


meka.classifiers.multilabel.CC: Node #4

IB1 instance-based classifier
using 10 nearest neighbour(s) for classification


meka.classifiers.multilabel.CC: Node #5

IB1 instance-based classifier
using 10 nearest neighbour(s) for classification


meka.classifiers.multilabel.CC: Node #6

IB1 instance-based classifier
using 10 nearest neighbour(s) for classification


meka.classifiers.multilabel.meta.BaggingML: Model #8

meka.classifiers.multilabel.CC: Node #1

IB1 instance-based classifier
using 10 nearest neighbour(s) for classification


meka.classifiers.multilabel.CC: Node #2

IB1 instance-based classifier
using 10 nearest neighbour(s) for classification


meka.classifiers.multilabel.CC: Node #3

IB1 instance-based classifier
using 10 nearest neighbour(s) for classification


meka.classifiers.multilabel.CC: Node #4

IB1 instance-based classifier
using 10 nearest neighbour(s) for classification


meka.classifiers.multilabel.CC: Node #5

IB1 instance-based classifier
using 10 nearest neighbour(s) for classification


meka.classifiers.multilabel.CC: Node #6

IB1 instance-based classifier
using 10 nearest neighbour(s) for classification


meka.classifiers.multilabel.meta.BaggingML: Model #9

meka.classifiers.multilabel.CC: Node #1

IB1 instance-based classifier
using 10 nearest neighbour(s) for classification


meka.classifiers.multilabel.CC: Node #2

IB1 instance-based classifier
using 10 nearest neighbour(s) for classification


meka.classifiers.multilabel.CC: Node #3

IB1 instance-based classifier
using 10 nearest neighbour(s) for classification


meka.classifiers.multilabel.CC: Node #4

IB1 instance-based classifier
using 10 nearest neighbour(s) for classification


meka.classifiers.multilabel.CC: Node #5

IB1 instance-based classifier
using 10 nearest neighbour(s) for classification


meka.classifiers.multilabel.CC: Node #6

IB1 instance-based classifier
using 10 nearest neighbour(s) for classification


meka.classifiers.multilabel.meta.BaggingML: Model #10

meka.classifiers.multilabel.CC: Node #1

IB1 instance-based classifier
using 10 nearest neighbour(s) for classification


meka.classifiers.multilabel.CC: Node #2

IB1 instance-based classifier
using 10 nearest neighbour(s) for classification


meka.classifiers.multilabel.CC: Node #3

IB1 instance-based classifier
using 10 nearest neighbour(s) for classification


meka.classifiers.multilabel.CC: Node #4

IB1 instance-based classifier
using 10 nearest neighbour(s) for classification


meka.classifiers.multilabel.CC: Node #5

IB1 instance-based classifier
using 10 nearest neighbour(s) for classification


meka.classifiers.multilabel.CC: Node #6

IB1 instance-based classifier
using 10 nearest neighbour(s) for classification


meka.classifiers.multilabel.meta.BaggingML: Model #11

meka.classifiers.multilabel.CC: Node #1

IB1 instance-based classifier
using 10 nearest neighbour(s) for classification


meka.classifiers.multilabel.CC: Node #2

IB1 instance-based classifier
using 10 nearest neighbour(s) for classification


meka.classifiers.multilabel.CC: Node #3

IB1 instance-based classifier
using 10 nearest neighbour(s) for classification


meka.classifiers.multilabel.CC: Node #4

IB1 instance-based classifier
using 10 nearest neighbour(s) for classification


meka.classifiers.multilabel.CC: Node #5

IB1 instance-based classifier
using 10 nearest neighbour(s) for classification


meka.classifiers.multilabel.CC: Node #6

IB1 instance-based classifier
using 10 nearest neighbour(s) for classification


meka.classifiers.multilabel.meta.BaggingML: Model #12

meka.classifiers.multilabel.CC: Node #1

IB1 instance-based classifier
using 10 nearest neighbour(s) for classification


meka.classifiers.multilabel.CC: Node #2

IB1 instance-based classifier
using 10 nearest neighbour(s) for classification


meka.classifiers.multilabel.CC: Node #3

IB1 instance-based classifier
using 10 nearest neighbour(s) for classification


meka.classifiers.multilabel.CC: Node #4

IB1 instance-based classifier
using 10 nearest neighbour(s) for classification


meka.classifiers.multilabel.CC: Node #5

IB1 instance-based classifier
using 10 nearest neighbour(s) for classification


meka.classifiers.multilabel.CC: Node #6

IB1 instance-based classifier
using 10 nearest neighbour(s) for classification


meka.classifiers.multilabel.meta.BaggingML: Model #13

meka.classifiers.multilabel.CC: Node #1

IB1 instance-based classifier
using 10 nearest neighbour(s) for classification


meka.classifiers.multilabel.CC: Node #2

IB1 instance-based classifier
using 10 nearest neighbour(s) for classification


meka.classifiers.multilabel.CC: Node #3

IB1 instance-based classifier
using 10 nearest neighbour(s) for classification


meka.classifiers.multilabel.CC: Node #4

IB1 instance-based classifier
using 10 nearest neighbour(s) for classification


meka.classifiers.multilabel.CC: Node #5

IB1 instance-based classifier
using 10 nearest neighbour(s) for classification


meka.classifiers.multilabel.CC: Node #6

IB1 instance-based classifier
using 10 nearest neighbour(s) for classification


meka.classifiers.multilabel.meta.BaggingML: Model #14

meka.classifiers.multilabel.CC: Node #1

IB1 instance-based classifier
using 10 nearest neighbour(s) for classification


meka.classifiers.multilabel.CC: Node #2

IB1 instance-based classifier
using 10 nearest neighbour(s) for classification


meka.classifiers.multilabel.CC: Node #3

IB1 instance-based classifier
using 10 nearest neighbour(s) for classification


meka.classifiers.multilabel.CC: Node #4

IB1 instance-based classifier
using 10 nearest neighbour(s) for classification


meka.classifiers.multilabel.CC: Node #5

IB1 instance-based classifier
using 10 nearest neighbour(s) for classification


meka.classifiers.multilabel.CC: Node #6

IB1 instance-based classifier
using 10 nearest neighbour(s) for classification


meka.classifiers.multilabel.meta.BaggingML: Model #15

meka.classifiers.multilabel.CC: Node #1

IB1 instance-based classifier
using 10 nearest neighbour(s) for classification


meka.classifiers.multilabel.CC: Node #2

IB1 instance-based classifier
using 10 nearest neighbour(s) for classification


meka.classifiers.multilabel.CC: Node #3

IB1 instance-based classifier
using 10 nearest neighbour(s) for classification


meka.classifiers.multilabel.CC: Node #4

IB1 instance-based classifier
using 10 nearest neighbour(s) for classification


meka.classifiers.multilabel.CC: Node #5

IB1 instance-based classifier
using 10 nearest neighbour(s) for classification


meka.classifiers.multilabel.CC: Node #6

IB1 instance-based classifier
using 10 nearest neighbour(s) for classification


meka.classifiers.multilabel.meta.BaggingML: Model #16

meka.classifiers.multilabel.CC: Node #1

IB1 instance-based classifier
using 10 nearest neighbour(s) for classification


meka.classifiers.multilabel.CC: Node #2

IB1 instance-based classifier
using 10 nearest neighbour(s) for classification


meka.classifiers.multilabel.CC: Node #3

IB1 instance-based classifier
using 10 nearest neighbour(s) for classification


meka.classifiers.multilabel.CC: Node #4

IB1 instance-based classifier
using 10 nearest neighbour(s) for classification


meka.classifiers.multilabel.CC: Node #5

IB1 instance-based classifier
using 10 nearest neighbour(s) for classification


meka.classifiers.multilabel.CC: Node #6

IB1 instance-based classifier
using 10 nearest neighbour(s) for classification


meka.classifiers.multilabel.meta.BaggingML: Model #17

meka.classifiers.multilabel.CC: Node #1

IB1 instance-based classifier
using 10 nearest neighbour(s) for classification


meka.classifiers.multilabel.CC: Node #2

IB1 instance-based classifier
using 10 nearest neighbour(s) for classification


meka.classifiers.multilabel.CC: Node #3

IB1 instance-based classifier
using 10 nearest neighbour(s) for classification


meka.classifiers.multilabel.CC: Node #4

IB1 instance-based classifier
using 10 nearest neighbour(s) for classification


meka.classifiers.multilabel.CC: Node #5

IB1 instance-based classifier
using 10 nearest neighbour(s) for classification


meka.classifiers.multilabel.CC: Node #6

IB1 instance-based classifier
using 10 nearest neighbour(s) for classification


meka.classifiers.multilabel.meta.BaggingML: Model #18

meka.classifiers.multilabel.CC: Node #1

IB1 instance-based classifier
using 10 nearest neighbour(s) for classification


meka.classifiers.multilabel.CC: Node #2

IB1 instance-based classifier
using 10 nearest neighbour(s) for classification


meka.classifiers.multilabel.CC: Node #3

IB1 instance-based classifier
using 10 nearest neighbour(s) for classification


meka.classifiers.multilabel.CC: Node #4

IB1 instance-based classifier
using 10 nearest neighbour(s) for classification


meka.classifiers.multilabel.CC: Node #5

IB1 instance-based classifier
using 10 nearest neighbour(s) for classification


meka.classifiers.multilabel.CC: Node #6

IB1 instance-based classifier
using 10 nearest neighbour(s) for classification


meka.classifiers.multilabel.meta.BaggingML: Model #19

meka.classifiers.multilabel.CC: Node #1

IB1 instance-based classifier
using 10 nearest neighbour(s) for classification


meka.classifiers.multilabel.CC: Node #2

IB1 instance-based classifier
using 10 nearest neighbour(s) for classification


meka.classifiers.multilabel.CC: Node #3

IB1 instance-based classifier
using 10 nearest neighbour(s) for classification


meka.classifiers.multilabel.CC: Node #4

IB1 instance-based classifier
using 10 nearest neighbour(s) for classification


meka.classifiers.multilabel.CC: Node #5

IB1 instance-based classifier
using 10 nearest neighbour(s) for classification


meka.classifiers.multilabel.CC: Node #6

IB1 instance-based classifier
using 10 nearest neighbour(s) for classification


meka.classifiers.multilabel.meta.BaggingML: Model #20

meka.classifiers.multilabel.CC: Node #1

IB1 instance-based classifier
using 10 nearest neighbour(s) for classification


meka.classifiers.multilabel.CC: Node #2

IB1 instance-based classifier
using 10 nearest neighbour(s) for classification


meka.classifiers.multilabel.CC: Node #3

IB1 instance-based classifier
using 10 nearest neighbour(s) for classification


meka.classifiers.multilabel.CC: Node #4

IB1 instance-based classifier
using 10 nearest neighbour(s) for classification


meka.classifiers.multilabel.CC: Node #5

IB1 instance-based classifier
using 10 nearest neighbour(s) for classification


meka.classifiers.multilabel.CC: Node #6

IB1 instance-based classifier
using 10 nearest neighbour(s) for classification


meka.classifiers.multilabel.meta.BaggingML: Model #21

meka.classifiers.multilabel.CC: Node #1

IB1 instance-based classifier
using 10 nearest neighbour(s) for classification


meka.classifiers.multilabel.CC: Node #2

IB1 instance-based classifier
using 10 nearest neighbour(s) for classification


meka.classifiers.multilabel.CC: Node #3

IB1 instance-based classifier
using 10 nearest neighbour(s) for classification


meka.classifiers.multilabel.CC: Node #4

IB1 instance-based classifier
using 10 nearest neighbour(s) for classification


meka.classifiers.multilabel.CC: Node #5

IB1 instance-based classifier
using 10 nearest neighbour(s) for classification


meka.classifiers.multilabel.CC: Node #6

IB1 instance-based classifier
using 10 nearest neighbour(s) for classification


meka.classifiers.multilabel.meta.BaggingML: Model #22

meka.classifiers.multilabel.CC: Node #1

IB1 instance-based classifier
using 10 nearest neighbour(s) for classification


meka.classifiers.multilabel.CC: Node #2

IB1 instance-based classifier
using 10 nearest neighbour(s) for classification


meka.classifiers.multilabel.CC: Node #3

IB1 instance-based classifier
using 10 nearest neighbour(s) for classification


meka.classifiers.multilabel.CC: Node #4

IB1 instance-based classifier
using 10 nearest neighbour(s) for classification


meka.classifiers.multilabel.CC: Node #5

IB1 instance-based classifier
using 10 nearest neighbour(s) for classification


meka.classifiers.multilabel.CC: Node #6

IB1 instance-based classifier
using 10 nearest neighbour(s) for classification


meka.classifiers.multilabel.meta.BaggingML: Model #23

meka.classifiers.multilabel.CC: Node #1

IB1 instance-based classifier
using 10 nearest neighbour(s) for classification


meka.classifiers.multilabel.CC: Node #2

IB1 instance-based classifier
using 10 nearest neighbour(s) for classification


meka.classifiers.multilabel.CC: Node #3

IB1 instance-based classifier
using 10 nearest neighbour(s) for classification


meka.classifiers.multilabel.CC: Node #4

IB1 instance-based classifier
using 10 nearest neighbour(s) for classification


meka.classifiers.multilabel.CC: Node #5

IB1 instance-based classifier
using 10 nearest neighbour(s) for classification


meka.classifiers.multilabel.CC: Node #6

IB1 instance-based classifier
using 10 nearest neighbour(s) for classification


meka.classifiers.multilabel.meta.BaggingML: Model #24

meka.classifiers.multilabel.CC: Node #1

IB1 instance-based classifier
using 10 nearest neighbour(s) for classification


meka.classifiers.multilabel.CC: Node #2

IB1 instance-based classifier
using 10 nearest neighbour(s) for classification


meka.classifiers.multilabel.CC: Node #3

IB1 instance-based classifier
using 10 nearest neighbour(s) for classification


meka.classifiers.multilabel.CC: Node #4

IB1 instance-based classifier
using 10 nearest neighbour(s) for classification


meka.classifiers.multilabel.CC: Node #5

IB1 instance-based classifier
using 10 nearest neighbour(s) for classification


meka.classifiers.multilabel.CC: Node #6

IB1 instance-based classifier
using 10 nearest neighbour(s) for classification


meka.classifiers.multilabel.meta.BaggingML: Model #25

meka.classifiers.multilabel.CC: Node #1

IB1 instance-based classifier
using 10 nearest neighbour(s) for classification


meka.classifiers.multilabel.CC: Node #2

IB1 instance-based classifier
using 10 nearest neighbour(s) for classification


meka.classifiers.multilabel.CC: Node #3

IB1 instance-based classifier
using 10 nearest neighbour(s) for classification


meka.classifiers.multilabel.CC: Node #4

IB1 instance-based classifier
using 10 nearest neighbour(s) for classification


meka.classifiers.multilabel.CC: Node #5

IB1 instance-based classifier
using 10 nearest neighbour(s) for classification


meka.classifiers.multilabel.CC: Node #6

IB1 instance-based classifier
using 10 nearest neighbour(s) for classification


meka.classifiers.multilabel.meta.BaggingML: Model #26

meka.classifiers.multilabel.CC: Node #1

IB1 instance-based classifier
using 10 nearest neighbour(s) for classification


meka.classifiers.multilabel.CC: Node #2

IB1 instance-based classifier
using 10 nearest neighbour(s) for classification


meka.classifiers.multilabel.CC: Node #3

IB1 instance-based classifier
using 10 nearest neighbour(s) for classification


meka.classifiers.multilabel.CC: Node #4

IB1 instance-based classifier
using 10 nearest neighbour(s) for classification


meka.classifiers.multilabel.CC: Node #5

IB1 instance-based classifier
using 10 nearest neighbour(s) for classification


meka.classifiers.multilabel.CC: Node #6

IB1 instance-based classifier
using 10 nearest neighbour(s) for classification


meka.classifiers.multilabel.meta.BaggingML: Model #27

meka.classifiers.multilabel.CC: Node #1

IB1 instance-based classifier
using 10 nearest neighbour(s) for classification


meka.classifiers.multilabel.CC: Node #2

IB1 instance-based classifier
using 10 nearest neighbour(s) for classification


meka.classifiers.multilabel.CC: Node #3

IB1 instance-based classifier
using 10 nearest neighbour(s) for classification


meka.classifiers.multilabel.CC: Node #4

IB1 instance-based classifier
using 10 nearest neighbour(s) for classification


meka.classifiers.multilabel.CC: Node #5

IB1 instance-based classifier
using 10 nearest neighbour(s) for classification


meka.classifiers.multilabel.CC: Node #6

IB1 instance-based classifier
using 10 nearest neighbour(s) for classification


meka.classifiers.multilabel.meta.BaggingML: Model #28

meka.classifiers.multilabel.CC: Node #1

IB1 instance-based classifier
using 10 nearest neighbour(s) for classification


meka.classifiers.multilabel.CC: Node #2

IB1 instance-based classifier
using 10 nearest neighbour(s) for classification


meka.classifiers.multilabel.CC: Node #3

IB1 instance-based classifier
using 10 nearest neighbour(s) for classification


meka.classifiers.multilabel.CC: Node #4

IB1 instance-based classifier
using 10 nearest neighbour(s) for classification


meka.classifiers.multilabel.CC: Node #5

IB1 instance-based classifier
using 10 nearest neighbour(s) for classification


meka.classifiers.multilabel.CC: Node #6

IB1 instance-based classifier
using 10 nearest neighbour(s) for classification


meka.classifiers.multilabel.meta.BaggingML: Model #29

meka.classifiers.multilabel.CC: Node #1

IB1 instance-based classifier
using 10 nearest neighbour(s) for classification


meka.classifiers.multilabel.CC: Node #2

IB1 instance-based classifier
using 10 nearest neighbour(s) for classification


meka.classifiers.multilabel.CC: Node #3

IB1 instance-based classifier
using 10 nearest neighbour(s) for classification


meka.classifiers.multilabel.CC: Node #4

IB1 instance-based classifier
using 10 nearest neighbour(s) for classification


meka.classifiers.multilabel.CC: Node #5

IB1 instance-based classifier
using 10 nearest neighbour(s) for classification


meka.classifiers.multilabel.CC: Node #6

IB1 instance-based classifier
using 10 nearest neighbour(s) for classification


meka.classifiers.multilabel.meta.BaggingML: Model #30

meka.classifiers.multilabel.CC: Node #1

IB1 instance-based classifier
using 10 nearest neighbour(s) for classification


meka.classifiers.multilabel.CC: Node #2

IB1 instance-based classifier
using 10 nearest neighbour(s) for classification


meka.classifiers.multilabel.CC: Node #3

IB1 instance-based classifier
using 10 nearest neighbour(s) for classification


meka.classifiers.multilabel.CC: Node #4

IB1 instance-based classifier
using 10 nearest neighbour(s) for classification


meka.classifiers.multilabel.CC: Node #5

IB1 instance-based classifier
using 10 nearest neighbour(s) for classification


meka.classifiers.multilabel.CC: Node #6

IB1 instance-based classifier
using 10 nearest neighbour(s) for classification


meka.classifiers.multilabel.meta.BaggingML: Model #31

meka.classifiers.multilabel.CC: Node #1

IB1 instance-based classifier
using 10 nearest neighbour(s) for classification


meka.classifiers.multilabel.CC: Node #2

IB1 instance-based classifier
using 10 nearest neighbour(s) for classification


meka.classifiers.multilabel.CC: Node #3

IB1 instance-based classifier
using 10 nearest neighbour(s) for classification


meka.classifiers.multilabel.CC: Node #4

IB1 instance-based classifier
using 10 nearest neighbour(s) for classification


meka.classifiers.multilabel.CC: Node #5

IB1 instance-based classifier
using 10 nearest neighbour(s) for classification


meka.classifiers.multilabel.CC: Node #6

IB1 instance-based classifier
using 10 nearest neighbour(s) for classification


meka.classifiers.multilabel.meta.BaggingML: Model #32

meka.classifiers.multilabel.CC: Node #1

IB1 instance-based classifier
using 10 nearest neighbour(s) for classification


meka.classifiers.multilabel.CC: Node #2

IB1 instance-based classifier
using 10 nearest neighbour(s) for classification


meka.classifiers.multilabel.CC: Node #3

IB1 instance-based classifier
using 10 nearest neighbour(s) for classification


meka.classifiers.multilabel.CC: Node #4

IB1 instance-based classifier
using 10 nearest neighbour(s) for classification


meka.classifiers.multilabel.CC: Node #5

IB1 instance-based classifier
using 10 nearest neighbour(s) for classification


meka.classifiers.multilabel.CC: Node #6

IB1 instance-based classifier
using 10 nearest neighbour(s) for classification


meka.classifiers.multilabel.meta.BaggingML: Model #33

meka.classifiers.multilabel.CC: Node #1

IB1 instance-based classifier
using 10 nearest neighbour(s) for classification


meka.classifiers.multilabel.CC: Node #2

IB1 instance-based classifier
using 10 nearest neighbour(s) for classification


meka.classifiers.multilabel.CC: Node #3

IB1 instance-based classifier
using 10 nearest neighbour(s) for classification


meka.classifiers.multilabel.CC: Node #4

IB1 instance-based classifier
using 10 nearest neighbour(s) for classification


meka.classifiers.multilabel.CC: Node #5

IB1 instance-based classifier
using 10 nearest neighbour(s) for classification


meka.classifiers.multilabel.CC: Node #6

IB1 instance-based classifier
using 10 nearest neighbour(s) for classification


meka.classifiers.multilabel.meta.BaggingML: Model #34

meka.classifiers.multilabel.CC: Node #1

IB1 instance-based classifier
using 10 nearest neighbour(s) for classification


meka.classifiers.multilabel.CC: Node #2

IB1 instance-based classifier
using 10 nearest neighbour(s) for classification


meka.classifiers.multilabel.CC: Node #3

IB1 instance-based classifier
using 10 nearest neighbour(s) for classification


meka.classifiers.multilabel.CC: Node #4

IB1 instance-based classifier
using 10 nearest neighbour(s) for classification


meka.classifiers.multilabel.CC: Node #5

IB1 instance-based classifier
using 10 nearest neighbour(s) for classification


meka.classifiers.multilabel.CC: Node #6

IB1 instance-based classifier
using 10 nearest neighbour(s) for classification


meka.classifiers.multilabel.meta.BaggingML: Model #35

meka.classifiers.multilabel.CC: Node #1

IB1 instance-based classifier
using 10 nearest neighbour(s) for classification


meka.classifiers.multilabel.CC: Node #2

IB1 instance-based classifier
using 10 nearest neighbour(s) for classification


meka.classifiers.multilabel.CC: Node #3

IB1 instance-based classifier
using 10 nearest neighbour(s) for classification


meka.classifiers.multilabel.CC: Node #4

IB1 instance-based classifier
using 10 nearest neighbour(s) for classification


meka.classifiers.multilabel.CC: Node #5

IB1 instance-based classifier
using 10 nearest neighbour(s) for classification


meka.classifiers.multilabel.CC: Node #6

IB1 instance-based classifier
using 10 nearest neighbour(s) for classification


meka.classifiers.multilabel.meta.BaggingML: Model #36

meka.classifiers.multilabel.CC: Node #1

IB1 instance-based classifier
using 10 nearest neighbour(s) for classification


meka.classifiers.multilabel.CC: Node #2

IB1 instance-based classifier
using 10 nearest neighbour(s) for classification


meka.classifiers.multilabel.CC: Node #3

IB1 instance-based classifier
using 10 nearest neighbour(s) for classification


meka.classifiers.multilabel.CC: Node #4

IB1 instance-based classifier
using 10 nearest neighbour(s) for classification


meka.classifiers.multilabel.CC: Node #5

IB1 instance-based classifier
using 10 nearest neighbour(s) for classification


meka.classifiers.multilabel.CC: Node #6

IB1 instance-based classifier
using 10 nearest neighbour(s) for classification


meka.classifiers.multilabel.meta.BaggingML: Model #37

meka.classifiers.multilabel.CC: Node #1

IB1 instance-based classifier
using 10 nearest neighbour(s) for classification


meka.classifiers.multilabel.CC: Node #2

IB1 instance-based classifier
using 10 nearest neighbour(s) for classification


meka.classifiers.multilabel.CC: Node #3

IB1 instance-based classifier
using 10 nearest neighbour(s) for classification


meka.classifiers.multilabel.CC: Node #4

IB1 instance-based classifier
using 10 nearest neighbour(s) for classification


meka.classifiers.multilabel.CC: Node #5

IB1 instance-based classifier
using 10 nearest neighbour(s) for classification


meka.classifiers.multilabel.CC: Node #6

IB1 instance-based classifier
using 10 nearest neighbour(s) for classification


meka.classifiers.multilabel.meta.BaggingML: Model #38

meka.classifiers.multilabel.CC: Node #1

IB1 instance-based classifier
using 10 nearest neighbour(s) for classification


meka.classifiers.multilabel.CC: Node #2

IB1 instance-based classifier
using 10 nearest neighbour(s) for classification


meka.classifiers.multilabel.CC: Node #3

IB1 instance-based classifier
using 10 nearest neighbour(s) for classification


meka.classifiers.multilabel.CC: Node #4

IB1 instance-based classifier
using 10 nearest neighbour(s) for classification


meka.classifiers.multilabel.CC: Node #5

IB1 instance-based classifier
using 10 nearest neighbour(s) for classification


meka.classifiers.multilabel.CC: Node #6

IB1 instance-based classifier
using 10 nearest neighbour(s) for classification


meka.classifiers.multilabel.meta.BaggingML: Model #39

meka.classifiers.multilabel.CC: Node #1

IB1 instance-based classifier
using 10 nearest neighbour(s) for classification


meka.classifiers.multilabel.CC: Node #2

IB1 instance-based classifier
using 10 nearest neighbour(s) for classification


meka.classifiers.multilabel.CC: Node #3

IB1 instance-based classifier
using 10 nearest neighbour(s) for classification


meka.classifiers.multilabel.CC: Node #4

IB1 instance-based classifier
using 10 nearest neighbour(s) for classification


meka.classifiers.multilabel.CC: Node #5

IB1 instance-based classifier
using 10 nearest neighbour(s) for classification


meka.classifiers.multilabel.CC: Node #6

IB1 instance-based classifier
using 10 nearest neighbour(s) for classification


meka.classifiers.multilabel.meta.BaggingML: Model #40

meka.classifiers.multilabel.CC: Node #1

IB1 instance-based classifier
using 10 nearest neighbour(s) for classification


meka.classifiers.multilabel.CC: Node #2

IB1 instance-based classifier
using 10 nearest neighbour(s) for classification


meka.classifiers.multilabel.CC: Node #3

IB1 instance-based classifier
using 10 nearest neighbour(s) for classification


meka.classifiers.multilabel.CC: Node #4

IB1 instance-based classifier
using 10 nearest neighbour(s) for classification


meka.classifiers.multilabel.CC: Node #5

IB1 instance-based classifier
using 10 nearest neighbour(s) for classification


meka.classifiers.multilabel.CC: Node #6

IB1 instance-based classifier
using 10 nearest neighbour(s) for classification


meka.classifiers.multilabel.meta.BaggingML: Model #41

meka.classifiers.multilabel.CC: Node #1

IB1 instance-based classifier
using 10 nearest neighbour(s) for classification


meka.classifiers.multilabel.CC: Node #2

IB1 instance-based classifier
using 10 nearest neighbour(s) for classification


meka.classifiers.multilabel.CC: Node #3

IB1 instance-based classifier
using 10 nearest neighbour(s) for classification


meka.classifiers.multilabel.CC: Node #4

IB1 instance-based classifier
using 10 nearest neighbour(s) for classification


meka.classifiers.multilabel.CC: Node #5

IB1 instance-based classifier
using 10 nearest neighbour(s) for classification


meka.classifiers.multilabel.CC: Node #6

IB1 instance-based classifier
using 10 nearest neighbour(s) for classification


meka.classifiers.multilabel.meta.BaggingML: Model #42

meka.classifiers.multilabel.CC: Node #1

IB1 instance-based classifier
using 10 nearest neighbour(s) for classification


meka.classifiers.multilabel.CC: Node #2

IB1 instance-based classifier
using 10 nearest neighbour(s) for classification


meka.classifiers.multilabel.CC: Node #3

IB1 instance-based classifier
using 10 nearest neighbour(s) for classification


meka.classifiers.multilabel.CC: Node #4

IB1 instance-based classifier
using 10 nearest neighbour(s) for classification


meka.classifiers.multilabel.CC: Node #5

IB1 instance-based classifier
using 10 nearest neighbour(s) for classification


meka.classifiers.multilabel.CC: Node #6

IB1 instance-based classifier
using 10 nearest neighbour(s) for classification


meka.classifiers.multilabel.meta.BaggingML: Model #43

meka.classifiers.multilabel.CC: Node #1

IB1 instance-based classifier
using 10 nearest neighbour(s) for classification


meka.classifiers.multilabel.CC: Node #2

IB1 instance-based classifier
using 10 nearest neighbour(s) for classification


meka.classifiers.multilabel.CC: Node #3

IB1 instance-based classifier
using 10 nearest neighbour(s) for classification


meka.classifiers.multilabel.CC: Node #4

IB1 instance-based classifier
using 10 nearest neighbour(s) for classification


meka.classifiers.multilabel.CC: Node #5

IB1 instance-based classifier
using 10 nearest neighbour(s) for classification


meka.classifiers.multilabel.CC: Node #6

IB1 instance-based classifier
using 10 nearest neighbour(s) for classification


meka.classifiers.multilabel.meta.BaggingML: Model #44

meka.classifiers.multilabel.CC: Node #1

IB1 instance-based classifier
using 10 nearest neighbour(s) for classification


meka.classifiers.multilabel.CC: Node #2

IB1 instance-based classifier
using 10 nearest neighbour(s) for classification


meka.classifiers.multilabel.CC: Node #3

IB1 instance-based classifier
using 10 nearest neighbour(s) for classification


meka.classifiers.multilabel.CC: Node #4

IB1 instance-based classifier
using 10 nearest neighbour(s) for classification


meka.classifiers.multilabel.CC: Node #5

IB1 instance-based classifier
using 10 nearest neighbour(s) for classification


meka.classifiers.multilabel.CC: Node #6

IB1 instance-based classifier
using 10 nearest neighbour(s) for classification


meka.classifiers.multilabel.meta.BaggingML: Model #45

meka.classifiers.multilabel.CC: Node #1

IB1 instance-based classifier
using 10 nearest neighbour(s) for classification


meka.classifiers.multilabel.CC: Node #2

IB1 instance-based classifier
using 10 nearest neighbour(s) for classification


meka.classifiers.multilabel.CC: Node #3

IB1 instance-based classifier
using 10 nearest neighbour(s) for classification


meka.classifiers.multilabel.CC: Node #4

IB1 instance-based classifier
using 10 nearest neighbour(s) for classification


meka.classifiers.multilabel.CC: Node #5

IB1 instance-based classifier
using 10 nearest neighbour(s) for classification


meka.classifiers.multilabel.CC: Node #6

IB1 instance-based classifier
using 10 nearest neighbour(s) for classification


meka.classifiers.multilabel.meta.BaggingML: Model #46

meka.classifiers.multilabel.CC: Node #1

IB1 instance-based classifier
using 10 nearest neighbour(s) for classification


meka.classifiers.multilabel.CC: Node #2

IB1 instance-based classifier
using 10 nearest neighbour(s) for classification


meka.classifiers.multilabel.CC: Node #3

IB1 instance-based classifier
using 10 nearest neighbour(s) for classification


meka.classifiers.multilabel.CC: Node #4

IB1 instance-based classifier
using 10 nearest neighbour(s) for classification


meka.classifiers.multilabel.CC: Node #5

IB1 instance-based classifier
using 10 nearest neighbour(s) for classification


meka.classifiers.multilabel.CC: Node #6

IB1 instance-based classifier
using 10 nearest neighbour(s) for classification


meka.classifiers.multilabel.meta.BaggingML: Model #47

meka.classifiers.multilabel.CC: Node #1

IB1 instance-based classifier
using 10 nearest neighbour(s) for classification


meka.classifiers.multilabel.CC: Node #2

IB1 instance-based classifier
using 10 nearest neighbour(s) for classification


meka.classifiers.multilabel.CC: Node #3

IB1 instance-based classifier
using 10 nearest neighbour(s) for classification


meka.classifiers.multilabel.CC: Node #4

IB1 instance-based classifier
using 10 nearest neighbour(s) for classification


meka.classifiers.multilabel.CC: Node #5

IB1 instance-based classifier
using 10 nearest neighbour(s) for classification


meka.classifiers.multilabel.CC: Node #6

IB1 instance-based classifier
using 10 nearest neighbour(s) for classification


meka.classifiers.multilabel.meta.BaggingML: Model #48

meka.classifiers.multilabel.CC: Node #1

IB1 instance-based classifier
using 10 nearest neighbour(s) for classification


meka.classifiers.multilabel.CC: Node #2

IB1 instance-based classifier
using 10 nearest neighbour(s) for classification


meka.classifiers.multilabel.CC: Node #3

IB1 instance-based classifier
using 10 nearest neighbour(s) for classification


meka.classifiers.multilabel.CC: Node #4

IB1 instance-based classifier
using 10 nearest neighbour(s) for classification


meka.classifiers.multilabel.CC: Node #5

IB1 instance-based classifier
using 10 nearest neighbour(s) for classification


meka.classifiers.multilabel.CC: Node #6

IB1 instance-based classifier
using 10 nearest neighbour(s) for classification


meka.classifiers.multilabel.meta.BaggingML: Model #49

meka.classifiers.multilabel.CC: Node #1

IB1 instance-based classifier
using 10 nearest neighbour(s) for classification


meka.classifiers.multilabel.CC: Node #2

IB1 instance-based classifier
using 10 nearest neighbour(s) for classification


meka.classifiers.multilabel.CC: Node #3

IB1 instance-based classifier
using 10 nearest neighbour(s) for classification


meka.classifiers.multilabel.CC: Node #4

IB1 instance-based classifier
using 10 nearest neighbour(s) for classification


meka.classifiers.multilabel.CC: Node #5

IB1 instance-based classifier
using 10 nearest neighbour(s) for classification


meka.classifiers.multilabel.CC: Node #6

IB1 instance-based classifier
using 10 nearest neighbour(s) for classification


meka.classifiers.multilabel.meta.BaggingML: Model #50

meka.classifiers.multilabel.CC: Node #1

IB1 instance-based classifier
using 10 nearest neighbour(s) for classification


meka.classifiers.multilabel.CC: Node #2

IB1 instance-based classifier
using 10 nearest neighbour(s) for classification


meka.classifiers.multilabel.CC: Node #3

IB1 instance-based classifier
using 10 nearest neighbour(s) for classification


meka.classifiers.multilabel.CC: Node #4

IB1 instance-based classifier
using 10 nearest neighbour(s) for classification


meka.classifiers.multilabel.CC: Node #5

IB1 instance-based classifier
using 10 nearest neighbour(s) for classification


meka.classifiers.multilabel.CC: Node #6

IB1 instance-based classifier
using 10 nearest neighbour(s) for classification


== Evaluation Info

Classifier                     meka.classifiers.multilabel.meta.BaggingML
Options                        [-S, 1, -I, 50, -P, 100, -W, meka.classifiers.multilabel.CC, --, -S, 0, -W, weka.classifiers.lazy.IBk, --, -K, 10, -W, 0, -A, weka.core.neighboursearch.LinearNNSearch -A "weka.core.EuclideanDistance -R first-last"]
Additional Info                
Dataset                        musicout
Number of labels (L)           6
Type                           ML
Threshold                      0.5
Verbosity                      2


== Predictive Performance

Number of test instances (N)   
Accuracy                       0.573
Jaccard index                  0.573
Hamming score                  0.804
Exact match                    0.366
Jaccard distance               0.427
Hamming loss                   0.196
ZeroOne loss                   0.634
Harmonic score                 0.674
One error                      0.287
Rank loss                      0.164
Avg precision                  0.796
Log Loss (lim. L)              0.385
Log Loss (lim. D)              0.513
F1 (micro averaged)            0.691
F1 (macro averaged by example) 0.642
F1 (macro averaged by label)   0.68 
AUPRC (macro averaged)         0.725
AUROC (macro averaged)         0.828
Curve Data                     
Macro Curve Data               
Micro Curve Data               


== Additional Measurements

Number of training instances   391
Number of test instances       202
Label cardinality (train set)  1.813
Label cardinality (test set)   1.975
Build Time                     0.342
Test Time                      5.235
Total Time                     5.577



