== Model info

Model                          
meka.classifiers.multilabel.meta.BaggingML: Model #1

meka.classifiers.multilabel.CC: Node #1

IB1 instance-based classifier
using 10 nearest neighbour(s) for classification


meka.classifiers.multilabel.CC: Node #2

IB1 instance-based classifier
using 10 nearest neighbour(s) for classification


meka.classifiers.multilabel.CC: Node #3

IB1 instance-based classifier
using 10 nearest neighbour(s) for classification


meka.classifiers.multilabel.CC: Node #4

IB1 instance-based classifier
using 10 nearest neighbour(s) for classification


meka.classifiers.multilabel.CC: Node #5

IB1 instance-based classifier
using 10 nearest neighbour(s) for classification


meka.classifiers.multilabel.CC: Node #6

IB1 instance-based classifier
using 10 nearest neighbour(s) for classification


meka.classifiers.multilabel.meta.BaggingML: Model #2

meka.classifiers.multilabel.CC: Node #1

IB1 instance-based classifier
using 10 nearest neighbour(s) for classification


meka.classifiers.multilabel.CC: Node #2

IB1 instance-based classifier
using 10 nearest neighbour(s) for classification


meka.classifiers.multilabel.CC: Node #3

IB1 instance-based classifier
using 10 nearest neighbour(s) for classification


meka.classifiers.multilabel.CC: Node #4

IB1 instance-based classifier
using 10 nearest neighbour(s) for classification


meka.classifiers.multilabel.CC: Node #5

IB1 instance-based classifier
using 10 nearest neighbour(s) for classification


meka.classifiers.multilabel.CC: Node #6

IB1 instance-based classifier
using 10 nearest neighbour(s) for classification


meka.classifiers.multilabel.meta.BaggingML: Model #3

meka.classifiers.multilabel.CC: Node #1

IB1 instance-based classifier
using 10 nearest neighbour(s) for classification


meka.classifiers.multilabel.CC: Node #2

IB1 instance-based classifier
using 10 nearest neighbour(s) for classification


meka.classifiers.multilabel.CC: Node #3

IB1 instance-based classifier
using 10 nearest neighbour(s) for classification


meka.classifiers.multilabel.CC: Node #4

IB1 instance-based classifier
using 10 nearest neighbour(s) for classification


meka.classifiers.multilabel.CC: Node #5

IB1 instance-based classifier
using 10 nearest neighbour(s) for classification


meka.classifiers.multilabel.CC: Node #6

IB1 instance-based classifier
using 10 nearest neighbour(s) for classification


meka.classifiers.multilabel.meta.BaggingML: Model #4

meka.classifiers.multilabel.CC: Node #1

IB1 instance-based classifier
using 10 nearest neighbour(s) for classification


meka.classifiers.multilabel.CC: Node #2

IB1 instance-based classifier
using 10 nearest neighbour(s) for classification


meka.classifiers.multilabel.CC: Node #3

IB1 instance-based classifier
using 10 nearest neighbour(s) for classification


meka.classifiers.multilabel.CC: Node #4

IB1 instance-based classifier
using 10 nearest neighbour(s) for classification


meka.classifiers.multilabel.CC: Node #5

IB1 instance-based classifier
using 10 nearest neighbour(s) for classification


meka.classifiers.multilabel.CC: Node #6

IB1 instance-based classifier
using 10 nearest neighbour(s) for classification


meka.classifiers.multilabel.meta.BaggingML: Model #5

meka.classifiers.multilabel.CC: Node #1

IB1 instance-based classifier
using 10 nearest neighbour(s) for classification


meka.classifiers.multilabel.CC: Node #2

IB1 instance-based classifier
using 10 nearest neighbour(s) for classification


meka.classifiers.multilabel.CC: Node #3

IB1 instance-based classifier
using 10 nearest neighbour(s) for classification


meka.classifiers.multilabel.CC: Node #4

IB1 instance-based classifier
using 10 nearest neighbour(s) for classification


meka.classifiers.multilabel.CC: Node #5

IB1 instance-based classifier
using 10 nearest neighbour(s) for classification


meka.classifiers.multilabel.CC: Node #6

IB1 instance-based classifier
using 10 nearest neighbour(s) for classification


meka.classifiers.multilabel.meta.BaggingML: Model #6

meka.classifiers.multilabel.CC: Node #1

IB1 instance-based classifier
using 10 nearest neighbour(s) for classification


meka.classifiers.multilabel.CC: Node #2

IB1 instance-based classifier
using 10 nearest neighbour(s) for classification


meka.classifiers.multilabel.CC: Node #3

IB1 instance-based classifier
using 10 nearest neighbour(s) for classification


meka.classifiers.multilabel.CC: Node #4

IB1 instance-based classifier
using 10 nearest neighbour(s) for classification


meka.classifiers.multilabel.CC: Node #5

IB1 instance-based classifier
using 10 nearest neighbour(s) for classification


meka.classifiers.multilabel.CC: Node #6

IB1 instance-based classifier
using 10 nearest neighbour(s) for classification


meka.classifiers.multilabel.meta.BaggingML: Model #7

meka.classifiers.multilabel.CC: Node #1

IB1 instance-based classifier
using 10 nearest neighbour(s) for classification


meka.classifiers.multilabel.CC: Node #2

IB1 instance-based classifier
using 10 nearest neighbour(s) for classification


meka.classifiers.multilabel.CC: Node #3

IB1 instance-based classifier
using 10 nearest neighbour(s) for classification


meka.classifiers.multilabel.CC: Node #4

IB1 instance-based classifier
using 10 nearest neighbour(s) for classification


meka.classifiers.multilabel.CC: Node #5

IB1 instance-based classifier
using 10 nearest neighbour(s) for classification


meka.classifiers.multilabel.CC: Node #6

IB1 instance-based classifier
using 10 nearest neighbour(s) for classification


meka.classifiers.multilabel.meta.BaggingML: Model #8

meka.classifiers.multilabel.CC: Node #1

IB1 instance-based classifier
using 10 nearest neighbour(s) for classification


meka.classifiers.multilabel.CC: Node #2

IB1 instance-based classifier
using 10 nearest neighbour(s) for classification


meka.classifiers.multilabel.CC: Node #3

IB1 instance-based classifier
using 10 nearest neighbour(s) for classification


meka.classifiers.multilabel.CC: Node #4

IB1 instance-based classifier
using 10 nearest neighbour(s) for classification


meka.classifiers.multilabel.CC: Node #5

IB1 instance-based classifier
using 10 nearest neighbour(s) for classification


meka.classifiers.multilabel.CC: Node #6

IB1 instance-based classifier
using 10 nearest neighbour(s) for classification


meka.classifiers.multilabel.meta.BaggingML: Model #9

meka.classifiers.multilabel.CC: Node #1

IB1 instance-based classifier
using 10 nearest neighbour(s) for classification


meka.classifiers.multilabel.CC: Node #2

IB1 instance-based classifier
using 10 nearest neighbour(s) for classification


meka.classifiers.multilabel.CC: Node #3

IB1 instance-based classifier
using 10 nearest neighbour(s) for classification


meka.classifiers.multilabel.CC: Node #4

IB1 instance-based classifier
using 10 nearest neighbour(s) for classification


meka.classifiers.multilabel.CC: Node #5

IB1 instance-based classifier
using 10 nearest neighbour(s) for classification


meka.classifiers.multilabel.CC: Node #6

IB1 instance-based classifier
using 10 nearest neighbour(s) for classification


meka.classifiers.multilabel.meta.BaggingML: Model #10

meka.classifiers.multilabel.CC: Node #1

IB1 instance-based classifier
using 10 nearest neighbour(s) for classification


meka.classifiers.multilabel.CC: Node #2

IB1 instance-based classifier
using 10 nearest neighbour(s) for classification


meka.classifiers.multilabel.CC: Node #3

IB1 instance-based classifier
using 10 nearest neighbour(s) for classification


meka.classifiers.multilabel.CC: Node #4

IB1 instance-based classifier
using 10 nearest neighbour(s) for classification


meka.classifiers.multilabel.CC: Node #5

IB1 instance-based classifier
using 10 nearest neighbour(s) for classification


meka.classifiers.multilabel.CC: Node #6

IB1 instance-based classifier
using 10 nearest neighbour(s) for classification


meka.classifiers.multilabel.meta.BaggingML: Model #11

meka.classifiers.multilabel.CC: Node #1

IB1 instance-based classifier
using 10 nearest neighbour(s) for classification


meka.classifiers.multilabel.CC: Node #2

IB1 instance-based classifier
using 10 nearest neighbour(s) for classification


meka.classifiers.multilabel.CC: Node #3

IB1 instance-based classifier
using 10 nearest neighbour(s) for classification


meka.classifiers.multilabel.CC: Node #4

IB1 instance-based classifier
using 10 nearest neighbour(s) for classification


meka.classifiers.multilabel.CC: Node #5

IB1 instance-based classifier
using 10 nearest neighbour(s) for classification


meka.classifiers.multilabel.CC: Node #6

IB1 instance-based classifier
using 10 nearest neighbour(s) for classification


meka.classifiers.multilabel.meta.BaggingML: Model #12

meka.classifiers.multilabel.CC: Node #1

IB1 instance-based classifier
using 10 nearest neighbour(s) for classification


meka.classifiers.multilabel.CC: Node #2

IB1 instance-based classifier
using 10 nearest neighbour(s) for classification


meka.classifiers.multilabel.CC: Node #3

IB1 instance-based classifier
using 10 nearest neighbour(s) for classification


meka.classifiers.multilabel.CC: Node #4

IB1 instance-based classifier
using 10 nearest neighbour(s) for classification


meka.classifiers.multilabel.CC: Node #5

IB1 instance-based classifier
using 10 nearest neighbour(s) for classification


meka.classifiers.multilabel.CC: Node #6

IB1 instance-based classifier
using 10 nearest neighbour(s) for classification


meka.classifiers.multilabel.meta.BaggingML: Model #13

meka.classifiers.multilabel.CC: Node #1

IB1 instance-based classifier
using 10 nearest neighbour(s) for classification


meka.classifiers.multilabel.CC: Node #2

IB1 instance-based classifier
using 10 nearest neighbour(s) for classification


meka.classifiers.multilabel.CC: Node #3

IB1 instance-based classifier
using 10 nearest neighbour(s) for classification


meka.classifiers.multilabel.CC: Node #4

IB1 instance-based classifier
using 10 nearest neighbour(s) for classification


meka.classifiers.multilabel.CC: Node #5

IB1 instance-based classifier
using 10 nearest neighbour(s) for classification


meka.classifiers.multilabel.CC: Node #6

IB1 instance-based classifier
using 10 nearest neighbour(s) for classification


meka.classifiers.multilabel.meta.BaggingML: Model #14

meka.classifiers.multilabel.CC: Node #1

IB1 instance-based classifier
using 10 nearest neighbour(s) for classification


meka.classifiers.multilabel.CC: Node #2

IB1 instance-based classifier
using 10 nearest neighbour(s) for classification


meka.classifiers.multilabel.CC: Node #3

IB1 instance-based classifier
using 10 nearest neighbour(s) for classification


meka.classifiers.multilabel.CC: Node #4

IB1 instance-based classifier
using 10 nearest neighbour(s) for classification


meka.classifiers.multilabel.CC: Node #5

IB1 instance-based classifier
using 10 nearest neighbour(s) for classification


meka.classifiers.multilabel.CC: Node #6

IB1 instance-based classifier
using 10 nearest neighbour(s) for classification


meka.classifiers.multilabel.meta.BaggingML: Model #15

meka.classifiers.multilabel.CC: Node #1

IB1 instance-based classifier
using 10 nearest neighbour(s) for classification


meka.classifiers.multilabel.CC: Node #2

IB1 instance-based classifier
using 10 nearest neighbour(s) for classification


meka.classifiers.multilabel.CC: Node #3

IB1 instance-based classifier
using 10 nearest neighbour(s) for classification


meka.classifiers.multilabel.CC: Node #4

IB1 instance-based classifier
using 10 nearest neighbour(s) for classification


meka.classifiers.multilabel.CC: Node #5

IB1 instance-based classifier
using 10 nearest neighbour(s) for classification


meka.classifiers.multilabel.CC: Node #6

IB1 instance-based classifier
using 10 nearest neighbour(s) for classification


meka.classifiers.multilabel.meta.BaggingML: Model #16

meka.classifiers.multilabel.CC: Node #1

IB1 instance-based classifier
using 10 nearest neighbour(s) for classification


meka.classifiers.multilabel.CC: Node #2

IB1 instance-based classifier
using 10 nearest neighbour(s) for classification


meka.classifiers.multilabel.CC: Node #3

IB1 instance-based classifier
using 10 nearest neighbour(s) for classification


meka.classifiers.multilabel.CC: Node #4

IB1 instance-based classifier
using 10 nearest neighbour(s) for classification


meka.classifiers.multilabel.CC: Node #5

IB1 instance-based classifier
using 10 nearest neighbour(s) for classification


meka.classifiers.multilabel.CC: Node #6

IB1 instance-based classifier
using 10 nearest neighbour(s) for classification


meka.classifiers.multilabel.meta.BaggingML: Model #17

meka.classifiers.multilabel.CC: Node #1

IB1 instance-based classifier
using 10 nearest neighbour(s) for classification


meka.classifiers.multilabel.CC: Node #2

IB1 instance-based classifier
using 10 nearest neighbour(s) for classification


meka.classifiers.multilabel.CC: Node #3

IB1 instance-based classifier
using 10 nearest neighbour(s) for classification


meka.classifiers.multilabel.CC: Node #4

IB1 instance-based classifier
using 10 nearest neighbour(s) for classification


meka.classifiers.multilabel.CC: Node #5

IB1 instance-based classifier
using 10 nearest neighbour(s) for classification


meka.classifiers.multilabel.CC: Node #6

IB1 instance-based classifier
using 10 nearest neighbour(s) for classification


meka.classifiers.multilabel.meta.BaggingML: Model #18

meka.classifiers.multilabel.CC: Node #1

IB1 instance-based classifier
using 10 nearest neighbour(s) for classification


meka.classifiers.multilabel.CC: Node #2

IB1 instance-based classifier
using 10 nearest neighbour(s) for classification


meka.classifiers.multilabel.CC: Node #3

IB1 instance-based classifier
using 10 nearest neighbour(s) for classification


meka.classifiers.multilabel.CC: Node #4

IB1 instance-based classifier
using 10 nearest neighbour(s) for classification


meka.classifiers.multilabel.CC: Node #5

IB1 instance-based classifier
using 10 nearest neighbour(s) for classification


meka.classifiers.multilabel.CC: Node #6

IB1 instance-based classifier
using 10 nearest neighbour(s) for classification


meka.classifiers.multilabel.meta.BaggingML: Model #19

meka.classifiers.multilabel.CC: Node #1

IB1 instance-based classifier
using 10 nearest neighbour(s) for classification


meka.classifiers.multilabel.CC: Node #2

IB1 instance-based classifier
using 10 nearest neighbour(s) for classification


meka.classifiers.multilabel.CC: Node #3

IB1 instance-based classifier
using 10 nearest neighbour(s) for classification


meka.classifiers.multilabel.CC: Node #4

IB1 instance-based classifier
using 10 nearest neighbour(s) for classification


meka.classifiers.multilabel.CC: Node #5

IB1 instance-based classifier
using 10 nearest neighbour(s) for classification


meka.classifiers.multilabel.CC: Node #6

IB1 instance-based classifier
using 10 nearest neighbour(s) for classification


meka.classifiers.multilabel.meta.BaggingML: Model #20

meka.classifiers.multilabel.CC: Node #1

IB1 instance-based classifier
using 10 nearest neighbour(s) for classification


meka.classifiers.multilabel.CC: Node #2

IB1 instance-based classifier
using 10 nearest neighbour(s) for classification


meka.classifiers.multilabel.CC: Node #3

IB1 instance-based classifier
using 10 nearest neighbour(s) for classification


meka.classifiers.multilabel.CC: Node #4

IB1 instance-based classifier
using 10 nearest neighbour(s) for classification


meka.classifiers.multilabel.CC: Node #5

IB1 instance-based classifier
using 10 nearest neighbour(s) for classification


meka.classifiers.multilabel.CC: Node #6

IB1 instance-based classifier
using 10 nearest neighbour(s) for classification


meka.classifiers.multilabel.meta.BaggingML: Model #21

meka.classifiers.multilabel.CC: Node #1

IB1 instance-based classifier
using 10 nearest neighbour(s) for classification


meka.classifiers.multilabel.CC: Node #2

IB1 instance-based classifier
using 10 nearest neighbour(s) for classification


meka.classifiers.multilabel.CC: Node #3

IB1 instance-based classifier
using 10 nearest neighbour(s) for classification


meka.classifiers.multilabel.CC: Node #4

IB1 instance-based classifier
using 10 nearest neighbour(s) for classification


meka.classifiers.multilabel.CC: Node #5

IB1 instance-based classifier
using 10 nearest neighbour(s) for classification


meka.classifiers.multilabel.CC: Node #6

IB1 instance-based classifier
using 10 nearest neighbour(s) for classification


meka.classifiers.multilabel.meta.BaggingML: Model #22

meka.classifiers.multilabel.CC: Node #1

IB1 instance-based classifier
using 10 nearest neighbour(s) for classification


meka.classifiers.multilabel.CC: Node #2

IB1 instance-based classifier
using 10 nearest neighbour(s) for classification


meka.classifiers.multilabel.CC: Node #3

IB1 instance-based classifier
using 10 nearest neighbour(s) for classification


meka.classifiers.multilabel.CC: Node #4

IB1 instance-based classifier
using 10 nearest neighbour(s) for classification


meka.classifiers.multilabel.CC: Node #5

IB1 instance-based classifier
using 10 nearest neighbour(s) for classification


meka.classifiers.multilabel.CC: Node #6

IB1 instance-based classifier
using 10 nearest neighbour(s) for classification


meka.classifiers.multilabel.meta.BaggingML: Model #23

meka.classifiers.multilabel.CC: Node #1

IB1 instance-based classifier
using 10 nearest neighbour(s) for classification


meka.classifiers.multilabel.CC: Node #2

IB1 instance-based classifier
using 10 nearest neighbour(s) for classification


meka.classifiers.multilabel.CC: Node #3

IB1 instance-based classifier
using 10 nearest neighbour(s) for classification


meka.classifiers.multilabel.CC: Node #4

IB1 instance-based classifier
using 10 nearest neighbour(s) for classification


meka.classifiers.multilabel.CC: Node #5

IB1 instance-based classifier
using 10 nearest neighbour(s) for classification


meka.classifiers.multilabel.CC: Node #6

IB1 instance-based classifier
using 10 nearest neighbour(s) for classification


meka.classifiers.multilabel.meta.BaggingML: Model #24

meka.classifiers.multilabel.CC: Node #1

IB1 instance-based classifier
using 10 nearest neighbour(s) for classification


meka.classifiers.multilabel.CC: Node #2

IB1 instance-based classifier
using 10 nearest neighbour(s) for classification


meka.classifiers.multilabel.CC: Node #3

IB1 instance-based classifier
using 10 nearest neighbour(s) for classification


meka.classifiers.multilabel.CC: Node #4

IB1 instance-based classifier
using 10 nearest neighbour(s) for classification


meka.classifiers.multilabel.CC: Node #5

IB1 instance-based classifier
using 10 nearest neighbour(s) for classification


meka.classifiers.multilabel.CC: Node #6

IB1 instance-based classifier
using 10 nearest neighbour(s) for classification


meka.classifiers.multilabel.meta.BaggingML: Model #25

meka.classifiers.multilabel.CC: Node #1

IB1 instance-based classifier
using 10 nearest neighbour(s) for classification


meka.classifiers.multilabel.CC: Node #2

IB1 instance-based classifier
using 10 nearest neighbour(s) for classification


meka.classifiers.multilabel.CC: Node #3

IB1 instance-based classifier
using 10 nearest neighbour(s) for classification


meka.classifiers.multilabel.CC: Node #4

IB1 instance-based classifier
using 10 nearest neighbour(s) for classification


meka.classifiers.multilabel.CC: Node #5

IB1 instance-based classifier
using 10 nearest neighbour(s) for classification


meka.classifiers.multilabel.CC: Node #6

IB1 instance-based classifier
using 10 nearest neighbour(s) for classification


meka.classifiers.multilabel.meta.BaggingML: Model #26

meka.classifiers.multilabel.CC: Node #1

IB1 instance-based classifier
using 10 nearest neighbour(s) for classification


meka.classifiers.multilabel.CC: Node #2

IB1 instance-based classifier
using 10 nearest neighbour(s) for classification


meka.classifiers.multilabel.CC: Node #3

IB1 instance-based classifier
using 10 nearest neighbour(s) for classification


meka.classifiers.multilabel.CC: Node #4

IB1 instance-based classifier
using 10 nearest neighbour(s) for classification


meka.classifiers.multilabel.CC: Node #5

IB1 instance-based classifier
using 10 nearest neighbour(s) for classification


meka.classifiers.multilabel.CC: Node #6

IB1 instance-based classifier
using 10 nearest neighbour(s) for classification


meka.classifiers.multilabel.meta.BaggingML: Model #27

meka.classifiers.multilabel.CC: Node #1

IB1 instance-based classifier
using 10 nearest neighbour(s) for classification


meka.classifiers.multilabel.CC: Node #2

IB1 instance-based classifier
using 10 nearest neighbour(s) for classification


meka.classifiers.multilabel.CC: Node #3

IB1 instance-based classifier
using 10 nearest neighbour(s) for classification


meka.classifiers.multilabel.CC: Node #4

IB1 instance-based classifier
using 10 nearest neighbour(s) for classification


meka.classifiers.multilabel.CC: Node #5

IB1 instance-based classifier
using 10 nearest neighbour(s) for classification


meka.classifiers.multilabel.CC: Node #6

IB1 instance-based classifier
using 10 nearest neighbour(s) for classification


meka.classifiers.multilabel.meta.BaggingML: Model #28

meka.classifiers.multilabel.CC: Node #1

IB1 instance-based classifier
using 10 nearest neighbour(s) for classification


meka.classifiers.multilabel.CC: Node #2

IB1 instance-based classifier
using 10 nearest neighbour(s) for classification


meka.classifiers.multilabel.CC: Node #3

IB1 instance-based classifier
using 10 nearest neighbour(s) for classification


meka.classifiers.multilabel.CC: Node #4

IB1 instance-based classifier
using 10 nearest neighbour(s) for classification


meka.classifiers.multilabel.CC: Node #5

IB1 instance-based classifier
using 10 nearest neighbour(s) for classification


meka.classifiers.multilabel.CC: Node #6

IB1 instance-based classifier
using 10 nearest neighbour(s) for classification


meka.classifiers.multilabel.meta.BaggingML: Model #29

meka.classifiers.multilabel.CC: Node #1

IB1 instance-based classifier
using 10 nearest neighbour(s) for classification


meka.classifiers.multilabel.CC: Node #2

IB1 instance-based classifier
using 10 nearest neighbour(s) for classification


meka.classifiers.multilabel.CC: Node #3

IB1 instance-based classifier
using 10 nearest neighbour(s) for classification


meka.classifiers.multilabel.CC: Node #4

IB1 instance-based classifier
using 10 nearest neighbour(s) for classification


meka.classifiers.multilabel.CC: Node #5

IB1 instance-based classifier
using 10 nearest neighbour(s) for classification


meka.classifiers.multilabel.CC: Node #6

IB1 instance-based classifier
using 10 nearest neighbour(s) for classification


meka.classifiers.multilabel.meta.BaggingML: Model #30

meka.classifiers.multilabel.CC: Node #1

IB1 instance-based classifier
using 10 nearest neighbour(s) for classification


meka.classifiers.multilabel.CC: Node #2

IB1 instance-based classifier
using 10 nearest neighbour(s) for classification


meka.classifiers.multilabel.CC: Node #3

IB1 instance-based classifier
using 10 nearest neighbour(s) for classification


meka.classifiers.multilabel.CC: Node #4

IB1 instance-based classifier
using 10 nearest neighbour(s) for classification


meka.classifiers.multilabel.CC: Node #5

IB1 instance-based classifier
using 10 nearest neighbour(s) for classification


meka.classifiers.multilabel.CC: Node #6

IB1 instance-based classifier
using 10 nearest neighbour(s) for classification


meka.classifiers.multilabel.meta.BaggingML: Model #31

meka.classifiers.multilabel.CC: Node #1

IB1 instance-based classifier
using 10 nearest neighbour(s) for classification


meka.classifiers.multilabel.CC: Node #2

IB1 instance-based classifier
using 10 nearest neighbour(s) for classification


meka.classifiers.multilabel.CC: Node #3

IB1 instance-based classifier
using 10 nearest neighbour(s) for classification


meka.classifiers.multilabel.CC: Node #4

IB1 instance-based classifier
using 10 nearest neighbour(s) for classification


meka.classifiers.multilabel.CC: Node #5

IB1 instance-based classifier
using 10 nearest neighbour(s) for classification


meka.classifiers.multilabel.CC: Node #6

IB1 instance-based classifier
using 10 nearest neighbour(s) for classification


meka.classifiers.multilabel.meta.BaggingML: Model #32

meka.classifiers.multilabel.CC: Node #1

IB1 instance-based classifier
using 10 nearest neighbour(s) for classification


meka.classifiers.multilabel.CC: Node #2

IB1 instance-based classifier
using 10 nearest neighbour(s) for classification


meka.classifiers.multilabel.CC: Node #3

IB1 instance-based classifier
using 10 nearest neighbour(s) for classification


meka.classifiers.multilabel.CC: Node #4

IB1 instance-based classifier
using 10 nearest neighbour(s) for classification


meka.classifiers.multilabel.CC: Node #5

IB1 instance-based classifier
using 10 nearest neighbour(s) for classification


meka.classifiers.multilabel.CC: Node #6

IB1 instance-based classifier
using 10 nearest neighbour(s) for classification


meka.classifiers.multilabel.meta.BaggingML: Model #33

meka.classifiers.multilabel.CC: Node #1

IB1 instance-based classifier
using 10 nearest neighbour(s) for classification


meka.classifiers.multilabel.CC: Node #2

IB1 instance-based classifier
using 10 nearest neighbour(s) for classification


meka.classifiers.multilabel.CC: Node #3

IB1 instance-based classifier
using 10 nearest neighbour(s) for classification


meka.classifiers.multilabel.CC: Node #4

IB1 instance-based classifier
using 10 nearest neighbour(s) for classification


meka.classifiers.multilabel.CC: Node #5

IB1 instance-based classifier
using 10 nearest neighbour(s) for classification


meka.classifiers.multilabel.CC: Node #6

IB1 instance-based classifier
using 10 nearest neighbour(s) for classification


meka.classifiers.multilabel.meta.BaggingML: Model #34

meka.classifiers.multilabel.CC: Node #1

IB1 instance-based classifier
using 10 nearest neighbour(s) for classification


meka.classifiers.multilabel.CC: Node #2

IB1 instance-based classifier
using 10 nearest neighbour(s) for classification


meka.classifiers.multilabel.CC: Node #3

IB1 instance-based classifier
using 10 nearest neighbour(s) for classification


meka.classifiers.multilabel.CC: Node #4

IB1 instance-based classifier
using 10 nearest neighbour(s) for classification


meka.classifiers.multilabel.CC: Node #5

IB1 instance-based classifier
using 10 nearest neighbour(s) for classification


meka.classifiers.multilabel.CC: Node #6

IB1 instance-based classifier
using 10 nearest neighbour(s) for classification


meka.classifiers.multilabel.meta.BaggingML: Model #35

meka.classifiers.multilabel.CC: Node #1

IB1 instance-based classifier
using 10 nearest neighbour(s) for classification


meka.classifiers.multilabel.CC: Node #2

IB1 instance-based classifier
using 10 nearest neighbour(s) for classification


meka.classifiers.multilabel.CC: Node #3

IB1 instance-based classifier
using 10 nearest neighbour(s) for classification


meka.classifiers.multilabel.CC: Node #4

IB1 instance-based classifier
using 10 nearest neighbour(s) for classification


meka.classifiers.multilabel.CC: Node #5

IB1 instance-based classifier
using 10 nearest neighbour(s) for classification


meka.classifiers.multilabel.CC: Node #6

IB1 instance-based classifier
using 10 nearest neighbour(s) for classification


meka.classifiers.multilabel.meta.BaggingML: Model #36

meka.classifiers.multilabel.CC: Node #1

IB1 instance-based classifier
using 10 nearest neighbour(s) for classification


meka.classifiers.multilabel.CC: Node #2

IB1 instance-based classifier
using 10 nearest neighbour(s) for classification


meka.classifiers.multilabel.CC: Node #3

IB1 instance-based classifier
using 10 nearest neighbour(s) for classification


meka.classifiers.multilabel.CC: Node #4

IB1 instance-based classifier
using 10 nearest neighbour(s) for classification


meka.classifiers.multilabel.CC: Node #5

IB1 instance-based classifier
using 10 nearest neighbour(s) for classification


meka.classifiers.multilabel.CC: Node #6

IB1 instance-based classifier
using 10 nearest neighbour(s) for classification


meka.classifiers.multilabel.meta.BaggingML: Model #37

meka.classifiers.multilabel.CC: Node #1

IB1 instance-based classifier
using 10 nearest neighbour(s) for classification


meka.classifiers.multilabel.CC: Node #2

IB1 instance-based classifier
using 10 nearest neighbour(s) for classification


meka.classifiers.multilabel.CC: Node #3

IB1 instance-based classifier
using 10 nearest neighbour(s) for classification


meka.classifiers.multilabel.CC: Node #4

IB1 instance-based classifier
using 10 nearest neighbour(s) for classification


meka.classifiers.multilabel.CC: Node #5

IB1 instance-based classifier
using 10 nearest neighbour(s) for classification


meka.classifiers.multilabel.CC: Node #6

IB1 instance-based classifier
using 10 nearest neighbour(s) for classification


meka.classifiers.multilabel.meta.BaggingML: Model #38

meka.classifiers.multilabel.CC: Node #1

IB1 instance-based classifier
using 10 nearest neighbour(s) for classification


meka.classifiers.multilabel.CC: Node #2

IB1 instance-based classifier
using 10 nearest neighbour(s) for classification


meka.classifiers.multilabel.CC: Node #3

IB1 instance-based classifier
using 10 nearest neighbour(s) for classification


meka.classifiers.multilabel.CC: Node #4

IB1 instance-based classifier
using 10 nearest neighbour(s) for classification


meka.classifiers.multilabel.CC: Node #5

IB1 instance-based classifier
using 10 nearest neighbour(s) for classification


meka.classifiers.multilabel.CC: Node #6

IB1 instance-based classifier
using 10 nearest neighbour(s) for classification


meka.classifiers.multilabel.meta.BaggingML: Model #39

meka.classifiers.multilabel.CC: Node #1

IB1 instance-based classifier
using 10 nearest neighbour(s) for classification


meka.classifiers.multilabel.CC: Node #2

IB1 instance-based classifier
using 10 nearest neighbour(s) for classification


meka.classifiers.multilabel.CC: Node #3

IB1 instance-based classifier
using 10 nearest neighbour(s) for classification


meka.classifiers.multilabel.CC: Node #4

IB1 instance-based classifier
using 10 nearest neighbour(s) for classification


meka.classifiers.multilabel.CC: Node #5

IB1 instance-based classifier
using 10 nearest neighbour(s) for classification


meka.classifiers.multilabel.CC: Node #6

IB1 instance-based classifier
using 10 nearest neighbour(s) for classification


meka.classifiers.multilabel.meta.BaggingML: Model #40

meka.classifiers.multilabel.CC: Node #1

IB1 instance-based classifier
using 10 nearest neighbour(s) for classification


meka.classifiers.multilabel.CC: Node #2

IB1 instance-based classifier
using 10 nearest neighbour(s) for classification


meka.classifiers.multilabel.CC: Node #3

IB1 instance-based classifier
using 10 nearest neighbour(s) for classification


meka.classifiers.multilabel.CC: Node #4

IB1 instance-based classifier
using 10 nearest neighbour(s) for classification


meka.classifiers.multilabel.CC: Node #5

IB1 instance-based classifier
using 10 nearest neighbour(s) for classification


meka.classifiers.multilabel.CC: Node #6

IB1 instance-based classifier
using 10 nearest neighbour(s) for classification


meka.classifiers.multilabel.meta.BaggingML: Model #41

meka.classifiers.multilabel.CC: Node #1

IB1 instance-based classifier
using 10 nearest neighbour(s) for classification


meka.classifiers.multilabel.CC: Node #2

IB1 instance-based classifier
using 10 nearest neighbour(s) for classification


meka.classifiers.multilabel.CC: Node #3

IB1 instance-based classifier
using 10 nearest neighbour(s) for classification


meka.classifiers.multilabel.CC: Node #4

IB1 instance-based classifier
using 10 nearest neighbour(s) for classification


meka.classifiers.multilabel.CC: Node #5

IB1 instance-based classifier
using 10 nearest neighbour(s) for classification


meka.classifiers.multilabel.CC: Node #6

IB1 instance-based classifier
using 10 nearest neighbour(s) for classification


meka.classifiers.multilabel.meta.BaggingML: Model #42

meka.classifiers.multilabel.CC: Node #1

IB1 instance-based classifier
using 10 nearest neighbour(s) for classification


meka.classifiers.multilabel.CC: Node #2

IB1 instance-based classifier
using 10 nearest neighbour(s) for classification


meka.classifiers.multilabel.CC: Node #3

IB1 instance-based classifier
using 10 nearest neighbour(s) for classification


meka.classifiers.multilabel.CC: Node #4

IB1 instance-based classifier
using 10 nearest neighbour(s) for classification


meka.classifiers.multilabel.CC: Node #5

IB1 instance-based classifier
using 10 nearest neighbour(s) for classification


meka.classifiers.multilabel.CC: Node #6

IB1 instance-based classifier
using 10 nearest neighbour(s) for classification


meka.classifiers.multilabel.meta.BaggingML: Model #43

meka.classifiers.multilabel.CC: Node #1

IB1 instance-based classifier
using 10 nearest neighbour(s) for classification


meka.classifiers.multilabel.CC: Node #2

IB1 instance-based classifier
using 10 nearest neighbour(s) for classification


meka.classifiers.multilabel.CC: Node #3

IB1 instance-based classifier
using 10 nearest neighbour(s) for classification


meka.classifiers.multilabel.CC: Node #4

IB1 instance-based classifier
using 10 nearest neighbour(s) for classification


meka.classifiers.multilabel.CC: Node #5

IB1 instance-based classifier
using 10 nearest neighbour(s) for classification


meka.classifiers.multilabel.CC: Node #6

IB1 instance-based classifier
using 10 nearest neighbour(s) for classification


meka.classifiers.multilabel.meta.BaggingML: Model #44

meka.classifiers.multilabel.CC: Node #1

IB1 instance-based classifier
using 10 nearest neighbour(s) for classification


meka.classifiers.multilabel.CC: Node #2

IB1 instance-based classifier
using 10 nearest neighbour(s) for classification


meka.classifiers.multilabel.CC: Node #3

IB1 instance-based classifier
using 10 nearest neighbour(s) for classification


meka.classifiers.multilabel.CC: Node #4

IB1 instance-based classifier
using 10 nearest neighbour(s) for classification


meka.classifiers.multilabel.CC: Node #5

IB1 instance-based classifier
using 10 nearest neighbour(s) for classification


meka.classifiers.multilabel.CC: Node #6

IB1 instance-based classifier
using 10 nearest neighbour(s) for classification


meka.classifiers.multilabel.meta.BaggingML: Model #45

meka.classifiers.multilabel.CC: Node #1

IB1 instance-based classifier
using 10 nearest neighbour(s) for classification


meka.classifiers.multilabel.CC: Node #2

IB1 instance-based classifier
using 10 nearest neighbour(s) for classification


meka.classifiers.multilabel.CC: Node #3

IB1 instance-based classifier
using 10 nearest neighbour(s) for classification


meka.classifiers.multilabel.CC: Node #4

IB1 instance-based classifier
using 10 nearest neighbour(s) for classification


meka.classifiers.multilabel.CC: Node #5

IB1 instance-based classifier
using 10 nearest neighbour(s) for classification


meka.classifiers.multilabel.CC: Node #6

IB1 instance-based classifier
using 10 nearest neighbour(s) for classification


meka.classifiers.multilabel.meta.BaggingML: Model #46

meka.classifiers.multilabel.CC: Node #1

IB1 instance-based classifier
using 10 nearest neighbour(s) for classification


meka.classifiers.multilabel.CC: Node #2

IB1 instance-based classifier
using 10 nearest neighbour(s) for classification


meka.classifiers.multilabel.CC: Node #3

IB1 instance-based classifier
using 10 nearest neighbour(s) for classification


meka.classifiers.multilabel.CC: Node #4

IB1 instance-based classifier
using 10 nearest neighbour(s) for classification


meka.classifiers.multilabel.CC: Node #5

IB1 instance-based classifier
using 10 nearest neighbour(s) for classification


meka.classifiers.multilabel.CC: Node #6

IB1 instance-based classifier
using 10 nearest neighbour(s) for classification


meka.classifiers.multilabel.meta.BaggingML: Model #47

meka.classifiers.multilabel.CC: Node #1

IB1 instance-based classifier
using 10 nearest neighbour(s) for classification


meka.classifiers.multilabel.CC: Node #2

IB1 instance-based classifier
using 10 nearest neighbour(s) for classification


meka.classifiers.multilabel.CC: Node #3

IB1 instance-based classifier
using 10 nearest neighbour(s) for classification


meka.classifiers.multilabel.CC: Node #4

IB1 instance-based classifier
using 10 nearest neighbour(s) for classification


meka.classifiers.multilabel.CC: Node #5

IB1 instance-based classifier
using 10 nearest neighbour(s) for classification


meka.classifiers.multilabel.CC: Node #6

IB1 instance-based classifier
using 10 nearest neighbour(s) for classification


meka.classifiers.multilabel.meta.BaggingML: Model #48

meka.classifiers.multilabel.CC: Node #1

IB1 instance-based classifier
using 10 nearest neighbour(s) for classification


meka.classifiers.multilabel.CC: Node #2

IB1 instance-based classifier
using 10 nearest neighbour(s) for classification


meka.classifiers.multilabel.CC: Node #3

IB1 instance-based classifier
using 10 nearest neighbour(s) for classification


meka.classifiers.multilabel.CC: Node #4

IB1 instance-based classifier
using 10 nearest neighbour(s) for classification


meka.classifiers.multilabel.CC: Node #5

IB1 instance-based classifier
using 10 nearest neighbour(s) for classification


meka.classifiers.multilabel.CC: Node #6

IB1 instance-based classifier
using 10 nearest neighbour(s) for classification


meka.classifiers.multilabel.meta.BaggingML: Model #49

meka.classifiers.multilabel.CC: Node #1

IB1 instance-based classifier
using 10 nearest neighbour(s) for classification


meka.classifiers.multilabel.CC: Node #2

IB1 instance-based classifier
using 10 nearest neighbour(s) for classification


meka.classifiers.multilabel.CC: Node #3

IB1 instance-based classifier
using 10 nearest neighbour(s) for classification


meka.classifiers.multilabel.CC: Node #4

IB1 instance-based classifier
using 10 nearest neighbour(s) for classification


meka.classifiers.multilabel.CC: Node #5

IB1 instance-based classifier
using 10 nearest neighbour(s) for classification


meka.classifiers.multilabel.CC: Node #6

IB1 instance-based classifier
using 10 nearest neighbour(s) for classification


meka.classifiers.multilabel.meta.BaggingML: Model #50

meka.classifiers.multilabel.CC: Node #1

IB1 instance-based classifier
using 10 nearest neighbour(s) for classification


meka.classifiers.multilabel.CC: Node #2

IB1 instance-based classifier
using 10 nearest neighbour(s) for classification


meka.classifiers.multilabel.CC: Node #3

IB1 instance-based classifier
using 10 nearest neighbour(s) for classification


meka.classifiers.multilabel.CC: Node #4

IB1 instance-based classifier
using 10 nearest neighbour(s) for classification


meka.classifiers.multilabel.CC: Node #5

IB1 instance-based classifier
using 10 nearest neighbour(s) for classification


meka.classifiers.multilabel.CC: Node #6

IB1 instance-based classifier
using 10 nearest neighbour(s) for classification


== Evaluation Info

Classifier                     meka.classifiers.multilabel.meta.BaggingML
Options                        [-S, 1, -I, 50, -P, 100, -W, meka.classifiers.multilabel.CC, --, -S, 0, -W, weka.classifiers.lazy.IBk, --, -K, 10, -W, 0, -A, weka.core.neighboursearch.LinearNNSearch -A "weka.core.EuclideanDistance -R first-last"]
Additional Info                
Dataset                        scene
Number of labels (L)           6
Type                           ML
Threshold                      0.34
Verbosity                      2


== Predictive Performance

Number of test instances (N)   
Accuracy                       0.672
Jaccard index                  0.672
Hamming score                  0.891
Exact match                    0.599
Jaccard distance               0.328
Hamming loss                   0.109
ZeroOne loss                   0.401
Harmonic score                 0.714
One error                      0.274
Rank loss                      0.113
Avg precision                  0.813
Log Loss (lim. L)              0.192
Log Loss (lim. D)              0.347
F1 (micro averaged)            0.698
F1 (macro averaged by example) 0.697
F1 (macro averaged by label)   0.704
AUPRC (macro averaged)         0.763
AUROC (macro averaged)         0.902
Curve Data                     
Macro Curve Data               
Micro Curve Data               


== Additional Measurements

Number of training instances   1211
Number of test instances       1196
Label cardinality (train set)  1.062
Label cardinality (test set)   1.086
Build Time                     0.698
Test Time                      275.527
Total Time                     276.225



