CLASSIFIER No classifier built
== Evaluation Info

Classifier                     meka.classifiers.multilabel.MULAN
Options                        [-S, MLkNN, -W, weka.classifiers.trees.J48, --, -C, 0.25, -M, 2]
Additional Info                
Dataset                        enron
Number of labels (L)           53
Type                           ML
Threshold                      0.3013086996789203
Verbosity                      2


== Predictive Performance

Number of test instances (N)   
Accuracy                       0.368
Jaccard index                  0.368
Hamming score                  0.94 
Exact match                    0.012
Jaccard distance               0.632
Hamming loss                   0.06 
ZeroOne loss                   0.988
Harmonic score                 0.645
One error                      0.28 
Rank loss                      0.093
Avg precision                  0.635
Log Loss (lim. L)              0.144
Log Loss (lim. D)              0.15 
F1 (micro averaged)            0.528
F1 (macro averaged by example) 0.501
F1 (macro averaged by label)   0.114
AUPRC (macro averaged)         0.152
AUROC (macro averaged)         0.629
Curve Data                     
Macro Curve Data               
Micro Curve Data               


== Additional Measurements

Number of training instances   1123
Number of test instances       579
Label cardinality (train set)  3.386
Label cardinality (test set)   3.363
Build Time                     1.198
Test Time                      0.398
Total Time                     1.596



