CLASSIFIER No classifier built
== Evaluation Info

Classifier                     meka.classifiers.multilabel.MULAN
Options                        [-S, MLkNN, -W, weka.classifiers.trees.J48, --, -C, 0.25, -M, 2]
Additional Info                
Dataset                        genbase
Number of labels (L)           27
Type                           ML
Threshold                      0.16421206002176206
Verbosity                      2


== Predictive Performance

Number of test instances (N)   
Accuracy                       0.971
Jaccard index                  0.971
Hamming score                  0.997
Exact match                    0.945
Jaccard distance               0.029
Hamming loss                   0.003
ZeroOne loss                   0.055
Harmonic score                 0.992
One error                      0    
Rank loss                      0.006
Avg precision                  0.993
Log Loss (lim. L)              0.011
Log Loss (lim. D)              0.012
F1 (micro averaged)            0.97 
F1 (macro averaged by example) 0.98 
F1 (macro averaged by label)   0.679
AUPRC (macro averaged)         NaN
AUROC (macro averaged)         NaN
Curve Data                     
Macro Curve Data               
Micro Curve Data               


== Additional Measurements

Number of training instances   463
Number of test instances       199
Label cardinality (train set)  1.261
Label cardinality (test set)   1.231
Build Time                     1.219
Test Time                      0.298
Total Time                     1.517



