CLASSIFIER No classifier built
== Evaluation Info

Classifier                     meka.classifiers.multilabel.MULAN
Options                        [-S, MLkNN, -W, weka.classifiers.trees.J48, --, -C, 0.25, -M, 2]
Additional Info                
Dataset                        yeast
Number of labels (L)           14
Type                           ML
Threshold                      0.3882164948641663
Verbosity                      2


== Predictive Performance

Number of test instances (N)   
Accuracy                       0.537
Jaccard index                  0.537
Hamming score                  0.793
Exact match                    0.179
Jaccard distance               0.463
Hamming loss                   0.207
ZeroOne loss                   0.821
Harmonic score                 0.717
One error                      0.242
Rank loss                      0.171
Avg precision                  0.757
Log Loss (lim. L)              0.438
Log Loss (lim. D)              0.442
F1 (micro averaged)            0.661
F1 (macro averaged by example) 0.645
F1 (macro averaged by label)   0.405
AUPRC (macro averaged)         0.457
AUROC (macro averaged)         0.668
Curve Data                     
Macro Curve Data               
Micro Curve Data               


== Additional Measurements

Number of training instances   1500
Number of test instances       917
Label cardinality (train set)  4.228
Label cardinality (test set)   4.252
Build Time                     1.22 
Test Time                      0.462
Total Time                     1.682



