CLASSIFIER No classifier built
== Evaluation Info

Classifier                     meka.classifiers.multilabel.meta.FilteredClassifier
Options                        [-F, meka.filters.multilabel.JaccardEmbedder -D 16 -W "weka.classifiers.trees.RandomForest -P 100 -I 100 -num-slots 1 -K 0 -M 1.0 -V 0.001 -S 1", -W, meka.classifiers.multilabel.MULAN, --, -S, MLkNN, -W, weka.classifiers.trees.J48, --, -C, 0.25, -M, 2]
Additional Info                
Dataset                        musicout
Number of labels (L)           6
Type                           ML
Threshold                      0.7880822492656316
Verbosity                      2


== Predictive Performance

Number of test instances (N)   
Accuracy                       0.557
Jaccard index                  0.557
Hamming score                  0.794
Exact match                    0.332
Jaccard distance               0.443
Hamming loss                   0.206
ZeroOne loss                   0.668
Harmonic score                 0.675
One error                      0.282
Rank loss                      0.197
Avg precision                  0.793
Log Loss (lim. L)              0.391
Log Loss (lim. D)              0.756
F1 (micro averaged)            0.675
F1 (macro averaged by example) 0.634
F1 (macro averaged by label)   0.675
AUPRC (macro averaged)         0.655
AUROC (macro averaged)         0.81 
Curve Data                     
Macro Curve Data               
Micro Curve Data               


== Additional Measurements

Number of training instances   391
Number of test instances       202
Label cardinality (train set)  1.813
Label cardinality (test set)   1.975
Build Time                     11.472
Test Time                      0.215
Total Time                     11.687



