== Evaluation Info

Classifier                     meka.classifiers.multilabel.meta.FilteredClassifier
Options                        [-F, meka.filters.multilabel.JaccardEmbedder -D 16 -W "weka.classifiers.trees.RandomForest -P 100 -I 100 -num-slots 1 -K 0 -M 1.0 -V 0.001 -S 1", -W, meka.classifiers.multilabel.BR, --, -W, weka.classifiers.lazy.IBk, --, -K, 10, -W, 0, -A, weka.core.neighboursearch.LinearNNSearch -A "weka.core.EuclideanDistance -R first-last"]
Additional Info                
Dataset                        yeast
Number of labels (L)           14
Type                           ML
Threshold                      0.40001333155579255
Verbosity                      2


== Predictive Performance

Number of test instances (N)   
Accuracy                       0.555
Jaccard index                  0.555
Hamming score                  0.792
Exact match                    0.231
Jaccard distance               0.445
Hamming loss                   0.208
ZeroOne loss                   0.769
Harmonic score                 0.724
One error                      0.29 
Rank loss                      0.197
Avg precision                  0.698
Log Loss (lim. L)              0.48 
Log Loss (lim. D)              1.008
F1 (micro averaged)            0.665
F1 (macro averaged by example) 0.655
F1 (macro averaged by label)   0.442
AUPRC (macro averaged)         0.435
AUROC (macro averaged)         0.632
Curve Data                     
Macro Curve Data               
Micro Curve Data               


== Additional Measurements

Number of training instances   1500
Number of test instances       917
Label cardinality (train set)  4.228
Label cardinality (test set)   4.252
Build Time                     48.733
Test Time                      2.882
Total Time                     51.615



