== Evaluation Info

Classifier                     meka.classifiers.multilabel.meta.FilteredClassifier
Options                        [-F, meka.filters.multilabel.JaccardEmbedder -D 16 -W "weka.classifiers.trees.RandomForest -P 100 -I 100 -num-slots 1 -K 0 -M 1.0 -V 0.001 -S 1", -W, meka.classifiers.multilabel.BR, --, -W, weka.classifiers.lazy.IBk, --, -K, 10, -W, 0, -A, weka.core.neighboursearch.LinearNNSearch -A "weka.core.EuclideanDistance -R first-last"]
Additional Info                
Dataset                        musicout
Number of labels (L)           6
Type                           ML
Threshold                      0.6998977505112475
Verbosity                      2


== Predictive Performance

Number of test instances (N)   
Accuracy                       0.558
Jaccard index                  0.558
Hamming score                  0.79 
Exact match                    0.317
Jaccard distance               0.442
Hamming loss                   0.21 
ZeroOne loss                   0.683
Harmonic score                 0.685
One error                      0.317
Rank loss                      0.191
Avg precision                  0.754
Log Loss (lim. L)              0.374
Log Loss (lim. D)              0.799
F1 (micro averaged)            0.673
F1 (macro averaged by example) 0.639
F1 (macro averaged by label)   0.662
AUPRC (macro averaged)         0.655
AUROC (macro averaged)         0.81 
Curve Data                     
Macro Curve Data               
Micro Curve Data               


== Additional Measurements

Number of training instances   391
Number of test instances       202
Label cardinality (train set)  1.813
Label cardinality (test set)   1.975
Build Time                     11.118
Test Time                      0.255
Total Time                     11.373



