== Evaluation Info

Classifier                     meka.classifiers.multilabel.meta.FilteredClassifier
Options                        [-F, meka.filters.multilabel.JaccardEmbedder -D 16 -W "weka.classifiers.trees.RandomForest -P 100 -I 100 -num-slots 1 -K 0 -M 1.0 -V 0.001 -S 1", -W, meka.classifiers.multilabel.BR, --, -W, weka.classifiers.lazy.IBk, --, -K, 10, -W, 0, -A, weka.core.neighboursearch.LinearNNSearch -A "weka.core.EuclideanDistance -R first-last"]
Additional Info                
Dataset                        genbase
Number of labels (L)           27
Type                           ML
Threshold                      0.10017271157167527
Verbosity                      2


== Predictive Performance

Number of test instances (N)   
Accuracy                       0.977
Jaccard index                  0.977
Hamming score                  0.997
Exact match                    0.945
Jaccard distance               0.023
Hamming loss                   0.003
ZeroOne loss                   0.055
Harmonic score                 0.993
One error                      0    
Rank loss                      0.005
Avg precision                  0.99 
Log Loss (lim. L)              0.006
Log Loss (lim. D)              0.007
F1 (micro averaged)            0.972
F1 (macro averaged by example) 0.985
F1 (macro averaged by label)   0.683
AUPRC (macro averaged)         NaN
AUROC (macro averaged)         NaN
Curve Data                     
Macro Curve Data               
Micro Curve Data               


== Additional Measurements

Number of training instances   463
Number of test instances       199
Label cardinality (train set)  1.261
Label cardinality (test set)   1.231
Build Time                     32.084
Test Time                      0.4  
Total Time                     32.484



