CLASSIFIER No classifier built
== Evaluation Info

Classifier                     meka.classifiers.multilabel.meta.FilteredClassifier
Options                        [-F, meka.filters.multilabel.JaccardEmbedder -D 16 -W "weka.classifiers.trees.RandomForest -P 100 -I 100 -num-slots 1 -K 0 -M 1.0 -V 0.001 -S 1", -W, meka.classifiers.multilabel.MULAN, --, -S, MLkNN, -W, weka.classifiers.trees.J48, --, -C, 0.25, -M, 2]
Additional Info                
Dataset                        enron
Number of labels (L)           53
Type                           ML
Threshold                      0.36465849387040283
Verbosity                      2


== Predictive Performance

Number of test instances (N)   
Accuracy                       0.469
Jaccard index                  0.469
Hamming score                  0.945
Exact match                    0.159
Jaccard distance               0.531
Hamming loss                   0.055
ZeroOne loss                   0.841
Harmonic score                 0.692
One error                      0.269
Rank loss                      0.139
Avg precision                  0.643
Log Loss (lim. L)              0.167
Log Loss (lim. D)              0.198
F1 (micro averaged)            0.565
F1 (macro averaged by example) 0.58 
F1 (macro averaged by label)   0.165
AUPRC (macro averaged)         0.179
AUROC (macro averaged)         0.62 
Curve Data                     
Macro Curve Data               
Micro Curve Data               


== Additional Measurements

Number of training instances   1123
Number of test instances       579
Label cardinality (train set)  3.386
Label cardinality (test set)   3.363
Build Time                     90.741
Test Time                      2.917
Total Time                     93.658



